#
# A fatal error has been detected by the Java Runtime Environment:
#
#  EXCEPTION_ACCESS_VIOLATION (0xc0000005) at pc=0x00007ffd8e5ec4f6, pid=12008, tid=16836
#
# JRE version: OpenJDK Runtime Environment Temurin-21.0.5+11 (21.0.5+11) (build 21.0.5+11-LTS)
# Java VM: OpenJDK 64-Bit Server VM Temurin-21.0.5+11 (21.0.5+11-LTS, mixed mode, emulated-client, sharing, tiered, compressed oops, compressed class ptrs, g1 gc, windows-amd64)
# Problematic frame:
# V  [jvm.dll+0xc4f6]
#
# No core dump will be written. Minidumps are not enabled by default on client versions of Windows
#
# If you would like to submit a bug report, please visit:
#   https://github.com/adoptium/adoptium-support/issues
#

---------------  S U M M A R Y ------------

Command Line: -XX:+ShowCodeDetailsInExceptionMessages -agentlib:jdwp=transport=dt_socket,suspend=y,address=localhost:57017 -Dcom.sun.management.jmxremote -Dcom.sun.management.jmxremote.port=57015 -Dcom.sun.management.jmxremote.authenticate=false -Dcom.sun.management.jmxremote.ssl=false -Djava.rmi.server.hostname=localhost -Dspring.jmx.enabled=true -Dmanagement.endpoints.jmx.exposure.include=* -Dspring.application.admin.enabled=true -XX:TieredStopAtLevel=1 -Dspring.boot.project.name=Search-Flight-Specials -javaagent:C:\pleiades\2024-12\eclipse\configuration\org.eclipse.osgi\252\0\.cp\lib\javaagent-shaded.jar -Dfile.encoding=UTF-8 -Dstdout.encoding=UTF-8 -Dstderr.encoding=UTF-8 com.tomato.demo.SearchFlightSpecialsApplication --spring.output.ansi.enabled=always

Host: Intel(R) Core(TM) i7-7500U CPU @ 2.70GHz, 4 cores, 15G,  Windows 11 , 64 bit Build 22621 (10.0.22621.4974)
Time: Tue Mar 11 14:43:00 2025  Windows 11 , 64 bit Build 22621 (10.0.22621.4974) elapsed time: 3466.184141 seconds (0d 0h 57m 46s)

---------------  T H R E A D  ---------------

Current thread (0x000001bcf2348f20):  WorkerThread "GC Thread#2"    [id=16836, stack(0x0000005094c00000,0x0000005094d00000) (1024K)]

Stack: [0x0000005094c00000,0x0000005094d00000],  sp=0x0000005094cfdd18,  free space=1015k
Native frames: (J=compiled Java code, j=interpreted, Vv=VM code, C=native code)
V  [jvm.dll+0xc4f6]

JavaThread 0x000001bcfa28ddb0 (nid = 4540) was being processed
Java frames: (J=compiled Java code, j=interpreted, Vv=VM code)
j  java.lang.invoke.DirectMethodHandle$Holder.newInvokeSpecial(Ljava/lang/Object;)Ljava/lang/Object;+15 java.base@21.0.5
J 955 c1 jdk.internal.reflect.DirectConstructorHandleAccessor.newInstance([Ljava/lang/Object;)Ljava/lang/Object; java.base@21.0.5 (130 bytes) @ 0x000001bca26fc16c [0x000001bca26fbf60+0x000000000000020c]
J 954 c1 java.lang.reflect.Constructor.newInstanceWithCaller([Ljava/lang/Object;ZLjava/lang/Class;)Ljava/lang/Object; java.base@21.0.5 (51 bytes) @ 0x000001bca26f973c [0x000001bca26f9660+0x00000000000000dc]
J 3611 c1 org.springframework.beans.BeanUtils.instantiateClass(Ljava/lang/reflect/Constructor;[Ljava/lang/Object;)Ljava/lang/Object; (208 bytes) @ 0x000001bca2bb8904 [0x000001bca2bb8380+0x0000000000000584]
J 7533 c1 org.springframework.beans.factory.support.SimpleInstantiationStrategy.instantiate(Lorg/springframework/beans/factory/support/RootBeanDefinition;Ljava/lang/String;Lorg/springframework/beans/factory/BeanFactory;)Ljava/lang/Object; (123 bytes) @ 0x000001bca31eae5c [0x000001bca31ea9a0+0x00000000000004bc]
J 7532 c1 org.springframework.beans.factory.support.AbstractAutowireCapableBeanFactory.instantiateBean(Ljava/lang/String;Lorg/springframework/beans/factory/support/RootBeanDefinition;)Lorg/springframework/beans/BeanWrapper; (51 bytes) @ 0x000001bca31e8ff4 [0x000001bca31e8f40+0x00000000000000b4]
J 7039 c1 org.springframework.beans.factory.support.AbstractAutowireCapableBeanFactory.createBeanInstance(Ljava/lang/String;Lorg/springframework/beans/factory/support/RootBeanDefinition;[Ljava/lang/Object;)Lorg/springframework/beans/BeanWrapper; (245 bytes) @ 0x000001bca30fa67c [0x000001bca30fa040+0x000000000000063c]
J 7071 c1 org.springframework.beans.factory.support.AbstractAutowireCapableBeanFactory.doCreateBean(Ljava/lang/String;Lorg/springframework/beans/factory/support/RootBeanDefinition;[Ljava/lang/Object;)Ljava/lang/Object; (469 bytes) @ 0x000001bca31089cc [0x000001bca3108820+0x00000000000001ac]
J 7070 c1 org.springframework.beans.factory.support.AbstractAutowireCapableBeanFactory.createBean(Ljava/lang/String;Lorg/springframework/beans/factory/support/RootBeanDefinition;[Ljava/lang/Object;)Ljava/lang/Object; (214 bytes) @ 0x000001bca31071ac [0x000001bca3106cc0+0x00000000000004ec]
J 6078 c1 org.springframework.beans.factory.support.AbstractBeanFactory$$Lambda+0x000001bcae25b3b8.getObject()Ljava/lang/Object; (20 bytes) @ 0x000001bca2fdb9bc [0x000001bca2fdb920+0x000000000000009c]
J 6074 c1 org.springframework.beans.factory.support.DefaultSingletonBeanRegistry.getSingleton(Ljava/lang/String;Lorg/springframework/beans/factory/ObjectFactory;)Ljava/lang/Object; (279 bytes) @ 0x000001bca2fd96bc [0x000001bca2fd9360+0x000000000000035c]
J 3347 c1 org.springframework.beans.factory.support.AbstractBeanFactory.doGetBean(Ljava/lang/String;Ljava/lang/Class;[Ljava/lang/Object;Z)Ljava/lang/Object; (787 bytes) @ 0x000001bca2b3e434 [0x000001bca2b3ddc0+0x0000000000000674]
J 5957 c1 org.springframework.beans.factory.support.AbstractBeanFactory.getBean(Ljava/lang/String;)Ljava/lang/Object; (9 bytes) @ 0x000001bca2f9bc34 [0x000001bca2f9bbc0+0x0000000000000074]
j  org.springframework.beans.factory.support.DefaultListableBeanFactory.preInstantiateSingletons()V+152
j  org.springframework.context.support.AbstractApplicationContext.finishBeanFactoryInitialization(Lorg/springframework/beans/factory/config/ConfigurableListableBeanFactory;)V+173
j  org.springframework.context.support.AbstractApplicationContext.refresh()V+94
j  org.springframework.boot.web.servlet.context.ServletWebServerApplicationContext.refresh()V+1
j  org.springframework.boot.SpringApplication.refresh(Lorg/springframework/context/ConfigurableApplicationContext;)V+1
j  org.springframework.boot.SpringApplication.refreshContext(Lorg/springframework/context/ConfigurableApplicationContext;)V+16
j  org.springframework.boot.SpringApplication.run([Ljava/lang/String;)Lorg/springframework/context/ConfigurableApplicationContext;+110
j  org.springframework.boot.SpringApplication.run([Ljava/lang/Class;[Ljava/lang/String;)Lorg/springframework/context/ConfigurableApplicationContext;+9
j  org.springframework.boot.SpringApplication.run(Ljava/lang/Class;[Ljava/lang/String;)Lorg/springframework/context/ConfigurableApplicationContext;+9
j  com.tomato.demo.SearchFlightSpecialsApplication.main([Ljava/lang/String;)V+3
j  java.lang.invoke.LambdaForm$DMH+0x000001bcae004c00.invokeStatic(Ljava/lang/Object;Ljava/lang/Object;)V+10 java.base@21.0.5
j  java.lang.invoke.LambdaForm$MH+0x000001bcaec60800.invoke(Ljava/lang/Object;Ljava/lang/Object;Ljava/lang/Object;)Ljava/lang/Object;+33 java.base@21.0.5
J 4600 c1 jdk.internal.reflect.DirectMethodHandleAccessor.invoke(Ljava/lang/Object;[Ljava/lang/Object;)Ljava/lang/Object; java.base@21.0.5 (92 bytes) @ 0x000001bca266667c [0x000001bca26662c0+0x00000000000003bc]
J 4665 c1 java.lang.reflect.Method.invoke(Ljava/lang/Object;[Ljava/lang/Object;)Ljava/lang/Object; java.base@21.0.5 (108 bytes) @ 0x000001bca2d70f74 [0x000001bca2d70d80+0x00000000000001f4]
j  org.springframework.boot.devtools.restart.RestartLauncher.run()V+47
v  ~StubRoutines::call_stub 0x000001bca234100d

siginfo: EXCEPTION_ACCESS_VIOLATION (0xc0000005), reading address 0x000001bd5a72be27


Registers:
RAX=0x0000000000000000, RBX=0x0000000000000000, RCX=0x00000050954fdcf0, RDX=0x00000050954fdcf0
RSP=0x0000005094cfdd18, RBP=0x0000005094cfdef0, RSI=0x0000005094cfe0c0, RDI=0x00000050954fdcf0
R8 =0x000001bd5a72be1f, R9 =0x00000050954fdcf0, R10=0x000001bca2340000, R11=0x0000005094cfdf68
R12=0x000001bcad543bf8, R13=0x00000050954fdcf0, R14=0x000001bcfa5dbfb0, R15=0x000001bd5a72be1f
RIP=0x00007ffd8e5ec4f6, EFLAGS=0x0000000000010202


Register to memory mapping:

RAX=0x0 is null
RBX=0x0 is null
RCX=0x00000050954fdcf0 is pointing into the stack for thread: 0x000001bcfa28ddb0
RDX=0x00000050954fdcf0 is pointing into the stack for thread: 0x000001bcfa28ddb0
RSP=0x0000005094cfdd18 points into unknown readable memory: 0x00007ffd8e937cdb | db 7c 93 8e fd 7f 00 00
RBP=0x0000005094cfdef0 points into unknown readable memory: 0x000001bc00000000 | 00 00 00 00 bc 01 00 00
RSI=0x0000005094cfe0c0 points into unknown readable memory: 0x00000050954fdce8 | e8 dc 4f 95 50 00 00 00
RDI=0x00000050954fdcf0 is pointing into the stack for thread: 0x000001bcfa28ddb0
R8 =0x000001bd5a72be1f is an unknown value
R9 =0x00000050954fdcf0 is pointing into the stack for thread: 0x000001bcfa28ddb0
R10=0x000001bca2340000 points into unknown readable memory: 0x0000000000000006 | 06 00 00 00 00 00 00 00
R11=0x0000005094cfdf68 points into unknown readable memory: 0x00007ffd8e8f456d | 6d 45 8f 8e fd 7f 00 00
R12=0x000001bcad543bf8 is pointing into metadata
R13=0x00000050954fdcf0 is pointing into the stack for thread: 0x000001bcfa28ddb0
R14=0x000001bcfa5dbfb0 points into unknown readable memory: 0x00007ffd8f00abd8 | d8 ab 00 8f fd 7f 00 00
R15=0x000001bd5a72be1f is an unknown value

Top of Stack: (sp=0x0000005094cfdd18)
0x0000005094cfdd18:   00007ffd8e937cdb 0000000000000000
0x0000005094cfdd28:   0000000000000004 000001bcfa5dbfb0
0x0000005094cfdd38:   0000000000000000 000001bcfa5dc138
0x0000005094cfdd48:   00007ffd8e906495 000001bcf50cc5d8
0x0000005094cfdd58:   00007ffd8ed769b1 000000000000012f
0x0000005094cfdd68:   00007ffd8ec9bfc2 000001bcf50cc578
0x0000005094cfdd78:   0000000000000000 000001bcac794450
0x0000005094cfdd88:   000001bcac59de90 000001bcad543bf8
0x0000005094cfdd98:   00000050954fdcf0 0000005094cfe0c0
0x0000005094cfdda8:   0000005094cfdef0 000001bcf50cc578
0x0000005094cfddb8:   00007ffd8e9462a4 0000005094cfde80
0x0000005094cfddc8:   0000005094cfe0c0 000001bcad480090
0x0000005094cfddd8:   0000000000000000 000001bcf50cc578
0x0000005094cfdde8:   00007ffd8e8f4b1b 0000000000000001
0x0000005094cfddf8:   000001bcad0b5b20 000001bcf50cc578
0x0000005094cfde08:   0000005094cfe0c0 0000000fa31dc701
0x0000005094cfde18:   000001bcad0b5b20 000001bcf2348f20
0x0000005094cfde28:   000001bc00000003 00000000000003d8
0x0000005094cfde38:   000001bcac59dea0 000001bcac59e278
0x0000005094cfde48:   000001bcad72be1f 000001bc000000b8
0x0000005094cfde58:   000001bcad0b5b20 00007ffd8f002140
0x0000005094cfde68:   0000005094cfe0c0 000001bcf50cc578
0x0000005094cfde78:   0000000400000003 000001bcad543bf8
0x0000005094cfde88:   0000001300000001 0000000000000032
0x0000005094cfde98:   000000010000000c 000001bcad480090
0x0000005094cfdea8:   0000000000000000 000001bca31dc710
0x0000005094cfdeb8:   000036fae770dd8f 00007ffd8ee3a690
0x0000005094cfdec8:   0000005094cfdf50 00000000000003d8
0x0000005094cfded8:   000001bcac59e278 000001bcad017358
0x0000005094cfdee8:   00000006a31d0013 000001bc00000000
0x0000005094cfdef8:   0000000000000015 000001bcf50cc578
0x0000005094cfdf08:   00007ffd8e9462fe 0000000000000000 

Instructions: (pc=0x00007ffd8e5ec4f6)
0x00007ffd8e5ec3f6:   48 8b 05 73 e6 cc 00 48 8b 48 60 48 8b 04 d1 48
0x00007ffd8e5ec406:   85 c0 75 08 48 8b 05 67 e6 cc 00 c3 48 8b 05 57
0x00007ffd8e5ec416:   e6 cc 00 c3 cc cc cc cc cc cc 8b 05 92 bb c1 00
0x00007ffd8e5ec426:   c3 cc cc cc cc cc cc cc cc cc 0f b6 05 e3 d1 c1
0x00007ffd8e5ec436:   00 48 8b d1 84 c0 74 16 44 8b 41 08 8b 0d 70 bb
0x00007ffd8e5ec446:   c1 00 49 d3 e0 4c 03 05 5e bb c1 00 eb 04 4c 8b
0x00007ffd8e5ec456:   41 08 45 8b 48 08 45 85 c9 7e 0e 41 f6 c1 01 75
0x00007ffd8e5ec466:   53 41 c1 f9 03 49 63 c1 c3 79 49 84 c0 41 b8 0c
0x00007ffd8e5ec476:   00 00 00 8b 05 a9 cc c1 00 b9 10 00 00 00 41 0f
0x00007ffd8e5ec486:   45 c8 ff c8 4c 63 c0 41 8b c1 48 c1 f8 10 0f b6
0x00007ffd8e5ec496:   c0 48 63 14 11 41 8b c9 83 e1 3f 48 d3 e2 49 8d
0x00007ffd8e5ec4a6:   0c 10 49 f7 d0 48 03 c1 49 c1 e8 03 48 c1 e8 03
0x00007ffd8e5ec4b6:   49 23 c0 c3 49 8b 00 49 8b c8 48 ff a0 00 01 00
0x00007ffd8e5ec4c6:   00 cc cc cc cc cc cc cc cc cc 8b 44 24 30 45 03
0x00007ffd8e5ec4d6:   c9 44 2b 4c 24 28 83 c0 0b 44 03 ca 45 03 c8 41
0x00007ffd8e5ec4e6:   03 c1 c3 cc cc cc cc cc cc cc 4c 8b c2 48 8b d1
0x00007ffd8e5ec4f6:   45 8b 48 08 45 85 c9 7e 0e 41 f6 c1 01 75 56 41
0x00007ffd8e5ec506:   c1 f9 03 49 63 c1 c3 79 4c 80 3d 04 d1 c1 00 00
0x00007ffd8e5ec516:   b8 0c 00 00 00 b9 10 00 00 00 0f 45 c8 8b 05 ff
0x00007ffd8e5ec526:   cb c1 00 ff c8 4c 63 c0 41 8b c1 48 c1 f8 10 48
0x00007ffd8e5ec536:   63 14 11 41 8b c9 83 e1 3f 0f b6 c0 48 d3 e2 49
0x00007ffd8e5ec546:   8d 0c 10 49 f7 d0 48 03 c1 49 c1 e8 03 48 c1 e8
0x00007ffd8e5ec556:   03 49 23 c0 c3 49 8b 00 49 8b c8 48 ff a0 00 01
0x00007ffd8e5ec566:   00 00 cc cc cc cc cc cc cc cc 48 8b 41 08 0f b7
0x00007ffd8e5ec576:   48 2c 0f b7 40 2a 83 c0 48 03 c1 c3 cc cc cc cc
0x00007ffd8e5ec586:   cc cc cc cc cc cc cc cc cc cc 48 89 5c 24 08 57
0x00007ffd8e5ec596:   48 83 ec 20 0f b6 05 1f ce cc 00 48 8b fa 48 8b
0x00007ffd8e5ec5a6:   d9 84 c0 74 4f 48 85 15 b6 c5 cc 00 74 38 48 8b
0x00007ffd8e5ec5b6:   ca e8 f4 c9 8c 00 48 8b d0 48 85 db 74 25 48 85
0x00007ffd8e5ec5c6:   c0 74 20 48 8b c7 f0 48 0f b1 13 74 16 48 85 05
0x00007ffd8e5ec5d6:   8e c5 cc 00 74 0d 48 8b c8 f0 48 0f b1 13 48 3b
0x00007ffd8e5ec5e6:   c1 75 ea 48 8b fa 48 8b c7 48 8b 5c 24 30 48 83 


Stack slot to memory mapping:

stack at sp + 0 slots: 0x00007ffd8e937cdb jvm.dll
stack at sp + 1 slots: 0x0 is null
stack at sp + 2 slots: 0x0000000000000004 is an unknown value
stack at sp + 3 slots: 0x000001bcfa5dbfb0 points into unknown readable memory: 0x00007ffd8f00abd8 | d8 ab 00 8f fd 7f 00 00
stack at sp + 4 slots: 0x0 is null
stack at sp + 5 slots: 0x000001bcfa5dc138 points into unknown readable memory: 0x00007ffd8f00ab90 | 90 ab 00 8f fd 7f 00 00
stack at sp + 6 slots: 0x00007ffd8e906495 jvm.dll
stack at sp + 7 slots: 0x000001bcf50cc5d8 points into unknown readable memory: 0x00007ffd8f00c8e0 | e0 c8 00 8f fd 7f 00 00


---------------  P R O C E S S  ---------------

Threads class SMR info:
_java_thread_list=0x000001bcf54dad40, length=29, elements={
0x000001bcac55b1d0, 0x000001bcac55bfe0, 0x000001bcac560830, 0x000001bcac563390,
0x000001bcac564df0, 0x000001bcac567ab0, 0x000001bcac56bb30, 0x000001bcac526d50,
0x000001bcac79ab90, 0x000001bcac79f650, 0x000001bcac79fe70, 0x000001bcf2361dd0,
0x000001bcf25b2940, 0x000001bcf25b3fb0, 0x000001bcf261d200, 0x000001bcf2a79cc0,
0x000001bcf2ac2e60, 0x000001bcf2ac27d0, 0x000001bcf4452720, 0x000001bcf4454160,
0x000001bcf56032d0, 0x000001bcfa28f7f0, 0x000001bcfa2918c0, 0x000001bcfa28d720,
0x000001bcfa28ddb0, 0x000001bcfa28d090, 0x000001bcfa28f160, 0x000001bcfa28e440,
0x000001bcfa291f50
}

Java Threads: ( => current thread )
  0x000001bcac55b1d0 JavaThread "Reference Handler"          daemon [_thread_blocked, id=9792, stack(0x0000005093e00000,0x0000005093f00000) (1024K)]
  0x000001bcac55bfe0 JavaThread "Finalizer"                  daemon [_thread_blocked, id=17352, stack(0x0000005093f00000,0x0000005094000000) (1024K)]
  0x000001bcac560830 JavaThread "Signal Dispatcher"          daemon [_thread_blocked, id=15988, stack(0x0000005094000000,0x0000005094100000) (1024K)]
  0x000001bcac563390 JavaThread "Attach Listener"            daemon [_thread_blocked, id=8396, stack(0x0000005094100000,0x0000005094200000) (1024K)]
  0x000001bcac564df0 JavaThread "Service Thread"             daemon [_thread_blocked, id=5460, stack(0x0000005094200000,0x0000005094300000) (1024K)]
  0x000001bcac567ab0 JavaThread "Monitor Deflation Thread"   daemon [_thread_blocked, id=19244, stack(0x0000005094300000,0x0000005094400000) (1024K)]
  0x000001bcac56bb30 JavaThread "C1 CompilerThread0"         daemon [_thread_blocked, id=11772, stack(0x0000005094400000,0x0000005094500000) (1024K)]
  0x000001bcac526d50 JavaThread "Common-Cleaner"             daemon [_thread_blocked, id=18704, stack(0x0000005094500000,0x0000005094600000) (1024K)]
  0x000001bcac79ab90 JavaThread "JDWP Transport Listener: dt_socket" daemon [_thread_blocked, id=12848, stack(0x0000005094800000,0x0000005094900000) (1024K)]
  0x000001bcac79f650 JavaThread "JDWP Event Helper Thread"   daemon [_thread_blocked, id=13868, stack(0x0000005094900000,0x0000005094a00000) (1024K)]
  0x000001bcac79fe70 JavaThread "JDWP Command Reader"        daemon [_thread_in_native, id=4780, stack(0x0000005094a00000,0x0000005094b00000) (1024K)]
  0x000001bcf2361dd0 JavaThread "Notification Thread"        daemon [_thread_blocked, id=12664, stack(0x0000005094e00000,0x0000005094f00000) (1024K)]
  0x000001bcf25b2940 JavaThread "RMI TCP Accept-0"           daemon [_thread_in_native, id=5684, stack(0x0000005094f00000,0x0000005095000000) (1024K)]
  0x000001bcf25b3fb0 JavaThread "RMI TCP Accept-57015"       daemon [_thread_in_native, id=10620, stack(0x0000005095000000,0x0000005095100000) (1024K)]
  0x000001bcf261d200 JavaThread "RMI TCP Accept-0"           daemon [_thread_in_native, id=10116, stack(0x0000005095100000,0x0000005095200000) (1024K)]
  0x000001bcf2a79cc0 JavaThread "RMI Scheduler(0)"           daemon [_thread_blocked, id=8992, stack(0x0000005095500000,0x0000005095600000) (1024K)]
  0x000001bcf2ac2e60 JavaThread "JMX server connection timeout 36" daemon [_thread_blocked, id=8016, stack(0x0000005095700000,0x0000005095800000) (1024K)]
  0x000001bcf2ac27d0 JavaThread "oracle.jdbc.driver.BlockSource.ThreadedCachingBlockSource.BlockReleaser" daemon [_thread_blocked, id=9572, stack(0x0000005095b00000,0x0000005095c00000) (1024K)]
  0x000001bcf4452720 JavaThread "InterruptTimer"             daemon [_thread_blocked, id=3392, stack(0x0000005095c00000,0x0000005095d00000) (1024K)]
  0x000001bcf4454160 JavaThread "Live Reload Server"         daemon [_thread_in_native, id=16604, stack(0x0000005096200000,0x0000005096300000) (1024K)]
  0x000001bcf56032d0 JavaThread "DestroyJavaVM"                     [_thread_blocked, id=15820, stack(0x0000005093600000,0x0000005093700000) (1024K)]
  0x000001bcfa28f7f0 JavaThread "File Watcher"               daemon [_thread_blocked, id=13264, stack(0x0000005093500000,0x0000005093600000) (1024K)]
  0x000001bcfa2918c0 JavaThread "RMI TCP Connection(idle)"   daemon [_thread_blocked, id=6068, stack(0x0000005093300000,0x0000005093400000) (1024K)]
  0x000001bcfa28d720 JavaThread "Thread-145"                        [_thread_blocked, id=11620, stack(0x0000005095200000,0x0000005095300000) (1024K)]
  0x000001bcfa28ddb0 JavaThread "restartedMain"                     [_thread_blocked, id=4540, stack(0x0000005095400000,0x0000005095500000) (1024K)]
  0x000001bcfa28d090 JavaThread "Catalina-utility-1"                [_thread_blocked, id=12852, stack(0x0000005094600000,0x0000005094700000) (1024K)]
  0x000001bcfa28f160 JavaThread "Catalina-utility-2"                [_thread_blocked, id=18880, stack(0x0000005094700000,0x0000005094800000) (1024K)]
  0x000001bcfa28e440 JavaThread "container-1"                       [_thread_blocked, id=16968, stack(0x0000005095300000,0x0000005095400000) (1024K)]
  0x000001bcfa291f50 JavaThread "HikariPool-25 housekeeper"  daemon [_thread_blocked, id=684, stack(0x0000005095800000,0x0000005095900000) (1024K)]
Total: 29

Other Threads:
  0x000001bcac537030 VMThread "VM Thread"                           [id=5824, stack(0x0000005093d00000,0x0000005093e00000) (1024K)]
  0x000001bcac525e80 WatcherThread "VM Periodic Task Thread"        [id=10616, stack(0x0000005093c00000,0x0000005093d00000) (1024K)]
  0x000001bc99cd9190 WorkerThread "GC Thread#0"                     [id=17860, stack(0x0000005093700000,0x0000005093800000) (1024K)]
  0x000001bcf2348b80 WorkerThread "GC Thread#1"                     [id=7556, stack(0x0000005094b00000,0x0000005094c00000) (1024K)]
=>0x000001bcf2348f20 WorkerThread "GC Thread#2"                     [id=16836, stack(0x0000005094c00000,0x0000005094d00000) (1024K)]
  0x000001bcf23492c0 WorkerThread "GC Thread#3"                     [id=7408, stack(0x0000005094d00000,0x0000005094e00000) (1024K)]
  0x000001bc99cec8a0 ConcurrentGCThread "G1 Main Marker"            [id=16804, stack(0x0000005093800000,0x0000005093900000) (1024K)]
  0x000001bc99cedbb0 WorkerThread "G1 Conc#0"                       [id=10396, stack(0x0000005093900000,0x0000005093a00000) (1024K)]
  0x000001bcac3fb1e0 ConcurrentGCThread "G1 Refine#0"               [id=8420, stack(0x0000005093a00000,0x0000005093b00000) (1024K)]
  0x000001bcac3fca10 ConcurrentGCThread "G1 Service"                [id=3512, stack(0x0000005093b00000,0x0000005093c00000) (1024K)]
Total: 10

Threads with active compile tasks:
Total: 0

VM state: at safepoint (normal execution)

VM Mutex/Monitor currently owned by a thread:  ([mutex/lock_event])
[0x00007ffd8f28d380] Threads_lock - owner thread: 0x000001bcac537030
[0x00007ffd8f28d480] Heap_lock - owner thread: 0x000001bcfa28f7f0

Heap address: 0x0000000702400000, size: 4060 MB, Compressed Oops mode: Zero based, Oop shift amount: 3

CDS archive(s) mapped at: [0x000001bcad000000-0x000001bcadc80000-0x000001bcadc80000), size 13107200, SharedBaseAddress: 0x000001bcad000000, ArchiveRelocationMode: 1.
Compressed class space mapped at: 0x000001bcae000000-0x000001bcee000000, reserved size: 1073741824
Narrow klass base: 0x000001bcad000000, Narrow klass shift: 0, Narrow klass range: 0x100000000

GC Precious Log:
 CardTable entry size: 512
 Card Set container configuration: InlinePtr #cards 4 size 8 Array Of Cards #cards 16 size 48 Howl #buckets 8 coarsen threshold 3686 Howl Bitmap #cards 512 size 80 coarsen threshold 460 Card regions per heap region 1 cards per card region 4096
 CPUs: 4 total, 4 available
 Memory: 16239M
 Large Page Support: Disabled
 NUMA Support: Disabled
 Compressed Oops: Enabled (Zero based)
 Heap Region Size: 2M
 Heap Min Capacity: 8M
 Heap Initial Capacity: 254M
 Heap Max Capacity: 4060M
 Pre-touch: Disabled
 Parallel Workers: 4
 Concurrent Workers: 1
 Concurrent Refinement Workers: 4
 Periodic GC: Disabled

Heap:
 garbage-first heap   total 110592K, used 91646K [0x0000000702400000, 0x0000000800000000)
  region size 2048K, 29 young (59392K), 3 survivors (6144K)
 Metaspace       used 88881K, committed 89856K, reserved 1179648K
  class space    used 12377K, committed 12864K, reserved 1048576K

Heap Regions: E=young(eden), S=young(survivor), O=old, HS=humongous(starts), HC=humongous(continues), CS=collection set, F=free, TAMS=top-at-mark-start, PB=parsable bottom
|   0|0x0000000702400000, 0x0000000702600000, 0x0000000702600000|100%| O|  |TAMS 0x0000000702400000| PB 0x0000000702400000| Untracked 
|   1|0x0000000702600000, 0x0000000702800000, 0x0000000702800000|100%| O|  |TAMS 0x0000000702600000| PB 0x0000000702600000| Untracked 
|   2|0x0000000702800000, 0x00000007029ffff8, 0x0000000702a00000| 99%| O|  |TAMS 0x0000000702800000| PB 0x0000000702800000| Untracked 
|   3|0x0000000702a00000, 0x0000000702bfc830, 0x0000000702c00000| 99%| O|  |TAMS 0x0000000702a00000| PB 0x0000000702a00000| Untracked 
|   4|0x0000000702c00000, 0x0000000702dfff98, 0x0000000702e00000| 99%| O|  |TAMS 0x0000000702c00000| PB 0x0000000702c00000| Untracked 
|   5|0x0000000702e00000, 0x0000000702ffffe8, 0x0000000703000000| 99%| O|  |TAMS 0x0000000702e00000| PB 0x0000000702e00000| Untracked 
|   6|0x0000000703000000, 0x00000007031ffff0, 0x0000000703200000| 99%| O|  |TAMS 0x0000000703000000| PB 0x0000000703000000| Untracked 
|   7|0x0000000703200000, 0x0000000703400000, 0x0000000703400000|100%| O|  |TAMS 0x0000000703200000| PB 0x0000000703200000| Untracked 
|   8|0x0000000703400000, 0x00000007035fbcf8, 0x0000000703600000| 99%| O|  |TAMS 0x0000000703400000| PB 0x0000000703400000| Untracked 
|   9|0x0000000703600000, 0x00000007037fffe0, 0x0000000703800000| 99%| O|  |TAMS 0x0000000703600000| PB 0x0000000703600000| Untracked 
|  10|0x0000000703800000, 0x0000000703a00000, 0x0000000703a00000|100%| O|  |TAMS 0x0000000703800000| PB 0x0000000703800000| Untracked 
|  11|0x0000000703a00000, 0x0000000703bfffb0, 0x0000000703c00000| 99%| O|  |TAMS 0x0000000703a00000| PB 0x0000000703a00000| Untracked 
|  12|0x0000000703c00000, 0x0000000703dfffe8, 0x0000000703e00000| 99%| O|  |TAMS 0x0000000703c00000| PB 0x0000000703c00000| Untracked 
|  13|0x0000000703e00000, 0x0000000703ffffb0, 0x0000000704000000| 99%| O|  |TAMS 0x0000000703e00000| PB 0x0000000703e00000| Untracked 
|  14|0x0000000704000000, 0x00000007041ffff8, 0x0000000704200000| 99%| O|  |TAMS 0x0000000704000000| PB 0x0000000704000000| Untracked 
|  15|0x0000000704200000, 0x00000007042ea1e8, 0x0000000704400000| 45%| O|  |TAMS 0x0000000704200000| PB 0x0000000704200000| Untracked 
|  16|0x0000000704400000, 0x0000000704521150, 0x0000000704600000| 56%| O|  |TAMS 0x0000000704400000| PB 0x0000000704400000| Untracked 
|  17|0x0000000704600000, 0x0000000704717c48, 0x0000000704800000| 54%| O|  |TAMS 0x0000000704600000| PB 0x0000000704600000| Untracked 
|  18|0x0000000704800000, 0x0000000704800000, 0x0000000704a00000|  0%| F|  |TAMS 0x0000000704800000| PB 0x0000000704800000| Untracked 
|  19|0x0000000704a00000, 0x0000000704a00000, 0x0000000704c00000|  0%| F|  |TAMS 0x0000000704a00000| PB 0x0000000704a00000| Untracked 
|  20|0x0000000704c00000, 0x0000000704c00000, 0x0000000704e00000|  0%| F|  |TAMS 0x0000000704c00000| PB 0x0000000704c00000| Untracked 
|  21|0x0000000704e00000, 0x0000000704e646f0, 0x0000000705000000| 19%| E|CS|TAMS 0x0000000704e00000| PB 0x0000000704e00000| Complete 
|  22|0x0000000705000000, 0x0000000705200000, 0x0000000705200000|100%| E|CS|TAMS 0x0000000705000000| PB 0x0000000705000000| Complete 
|  23|0x0000000705200000, 0x0000000705400000, 0x0000000705400000|100%| E|CS|TAMS 0x0000000705200000| PB 0x0000000705200000| Complete 
|  24|0x0000000705400000, 0x0000000705400000, 0x0000000705600000|  0%| F|  |TAMS 0x0000000705400000| PB 0x0000000705400000| Untracked 
|  25|0x0000000705600000, 0x0000000705693a08, 0x0000000705800000| 28%| S|  |TAMS 0x0000000705600000| PB 0x0000000705600000| Complete 
|  26|0x0000000705800000, 0x0000000705a00000, 0x0000000705a00000|100%| S|  |TAMS 0x0000000705800000| PB 0x0000000705800000| Complete 
|  27|0x0000000705a00000, 0x0000000705c00000, 0x0000000705c00000|100%| S|  |TAMS 0x0000000705a00000| PB 0x0000000705a00000| Complete 
|  28|0x0000000705c00000, 0x0000000705e00000, 0x0000000705e00000|100%| E|CS|TAMS 0x0000000705c00000| PB 0x0000000705c00000| Complete 
|  29|0x0000000705e00000, 0x0000000706000000, 0x0000000706000000|100%| E|CS|TAMS 0x0000000705e00000| PB 0x0000000705e00000| Complete 
|  30|0x0000000706000000, 0x0000000706200000, 0x0000000706200000|100%| E|CS|TAMS 0x0000000706000000| PB 0x0000000706000000| Complete 
|  31|0x0000000706200000, 0x0000000706400000, 0x0000000706400000|100%| E|CS|TAMS 0x0000000706200000| PB 0x0000000706200000| Complete 
|  32|0x0000000706400000, 0x0000000706600000, 0x0000000706600000|100%| E|CS|TAMS 0x0000000706400000| PB 0x0000000706400000| Complete 
|  33|0x0000000706600000, 0x0000000706800000, 0x0000000706800000|100%| E|CS|TAMS 0x0000000706600000| PB 0x0000000706600000| Complete 
|  34|0x0000000706800000, 0x0000000706a00000, 0x0000000706a00000|100%| E|CS|TAMS 0x0000000706800000| PB 0x0000000706800000| Complete 
|  35|0x0000000706a00000, 0x0000000706c00000, 0x0000000706c00000|100%| E|CS|TAMS 0x0000000706a00000| PB 0x0000000706a00000| Complete 
|  36|0x0000000706c00000, 0x0000000706e00000, 0x0000000706e00000|100%| E|CS|TAMS 0x0000000706c00000| PB 0x0000000706c00000| Complete 
|  37|0x0000000706e00000, 0x0000000707000000, 0x0000000707000000|100%| E|CS|TAMS 0x0000000706e00000| PB 0x0000000706e00000| Complete 
|  38|0x0000000707000000, 0x0000000707200000, 0x0000000707200000|100%| E|CS|TAMS 0x0000000707000000| PB 0x0000000707000000| Complete 
|  39|0x0000000707200000, 0x0000000707400000, 0x0000000707400000|100%| E|CS|TAMS 0x0000000707200000| PB 0x0000000707200000| Complete 
|  40|0x0000000707400000, 0x0000000707600000, 0x0000000707600000|100%| E|CS|TAMS 0x0000000707400000| PB 0x0000000707400000| Complete 
|  41|0x0000000707600000, 0x0000000707800000, 0x0000000707800000|100%| E|CS|TAMS 0x0000000707600000| PB 0x0000000707600000| Complete 
|  42|0x0000000707800000, 0x0000000707a00000, 0x0000000707a00000|100%| E|CS|TAMS 0x0000000707800000| PB 0x0000000707800000| Complete 
|  43|0x0000000707a00000, 0x0000000707c00000, 0x0000000707c00000|100%| E|CS|TAMS 0x0000000707a00000| PB 0x0000000707a00000| Complete 
|  44|0x0000000707c00000, 0x0000000707e00000, 0x0000000707e00000|100%| E|CS|TAMS 0x0000000707c00000| PB 0x0000000707c00000| Complete 
|  45|0x0000000707e00000, 0x0000000708000000, 0x0000000708000000|100%| E|CS|TAMS 0x0000000707e00000| PB 0x0000000707e00000| Complete 
|  46|0x0000000708000000, 0x0000000708200000, 0x0000000708200000|100%| E|CS|TAMS 0x0000000708000000| PB 0x0000000708000000| Complete 
|  47|0x0000000708200000, 0x0000000708400000, 0x0000000708400000|100%| E|CS|TAMS 0x0000000708200000| PB 0x0000000708200000| Complete 
|  48|0x0000000708400000, 0x0000000708600000, 0x0000000708600000|100%| E|CS|TAMS 0x0000000708400000| PB 0x0000000708400000| Complete 
|  49|0x0000000708600000, 0x0000000708800000, 0x0000000708800000|100%| E|CS|TAMS 0x0000000708600000| PB 0x0000000708600000| Complete 
|  50|0x0000000708800000, 0x0000000708a00000, 0x0000000708a00000|100%| E|CS|TAMS 0x0000000708800000| PB 0x0000000708800000| Complete 
|  51|0x0000000708a00000, 0x0000000708c00000, 0x0000000708c00000|100%| E|CS|TAMS 0x0000000708a00000| PB 0x0000000708a00000| Complete 
|  52|0x0000000708c00000, 0x0000000708e00000, 0x0000000708e00000|100%| E|CS|TAMS 0x0000000708c00000| PB 0x0000000708c00000| Complete 
|  53|0x0000000708e00000, 0x0000000709000000, 0x0000000709000000|100%| E|CS|TAMS 0x0000000708e00000| PB 0x0000000708e00000| Complete 

Card table byte_map: [0x000001bca5b30000,0x000001bca6320000] _byte_map_base: 0x000001bca231e000

Marking Bits: (CMBitMap*) 0x000001bc99cda8a0
 Bits: [0x000001bca6320000, 0x000001bcaa290000)

Polling page: 0x000001bc97bc0000

Metaspace:

Usage:
  Non-class:     74.71 MB used.
      Class:     12.09 MB used.
       Both:     86.80 MB used.

Virtual space:
  Non-class space:      128.00 MB reserved,      75.19 MB ( 59%) committed,  2 nodes.
      Class space:        1.00 GB reserved,      12.56 MB (  1%) committed,  1 nodes.
             Both:        1.12 GB reserved,      87.75 MB (  8%) committed. 

Chunk freelists:
   Non-Class:  4.44 MB
       Class:  3.56 MB
        Both:  7.99 MB

MaxMetaspaceSize: unlimited
CompressedClassSpaceSize: 1.00 GB
Initial GC threshold: 21.00 MB
Current GC threshold: 146.19 MB
CDS: on
 - commit_granule_bytes: 65536.
 - commit_granule_words: 8192.
 - virtual_space_node_default_size: 8388608.
 - enlarge_chunks_in_place: 1.
 - use_allocation_guard: 0.


Internal statistics:

num_allocs_failed_limit: 9.
num_arena_births: 2212.
num_arena_deaths: 1312.
num_vsnodes_births: 3.
num_vsnodes_deaths: 0.
num_space_committed: 1422.
num_space_uncommitted: 16.
num_chunks_returned_to_freelist: 1923.
num_chunks_taken_from_freelist: 6365.
num_chunk_merges: 316.
num_chunk_splits: 3732.
num_chunks_enlarged: 2863.
num_inconsistent_stats: 0.

CodeCache: size=49152Kb used=19642Kb max_used=20567Kb free=29509Kb
 bounds [0x000001bca2340000, 0x000001bca3790000, 0x000001bca5340000]
 total_blobs=10109 nmethods=9344 adapters=688
 compilation: enabled
              stopped_count=0, restarted_count=0
 full_count=0

Compilation events (20 events):
Event: 2721.233 Thread 0x000001bcac56bb30 14116       1       org.apache.catalina.webresources.Cache::backgroundProcess (120 bytes)
Event: 2721.234 Thread 0x000001bcac56bb30 nmethod 14116 0x000001bca35e3310 code [0x000001bca35e35a0, 0x000001bca35e3f88]
Event: 2771.470 Thread 0x000001bcac56bb30 14117       1       com.zaxxer.hikari.HikariConfig::getConnectionTimeout (5 bytes)
Event: 2771.471 Thread 0x000001bcac56bb30 nmethod 14117 0x000001bca30d9a10 code [0x000001bca30d9ba0, 0x000001bca30d9c70]
Event: 2771.471 Thread 0x000001bcac56bb30 14118       1       com.zaxxer.hikari.HikariConfig::getValidationTimeout (5 bytes)
Event: 2771.471 Thread 0x000001bcac56bb30 nmethod 14118 0x000001bca30f5e90 code [0x000001bca30f6020, 0x000001bca30f60f0]
Event: 2771.471 Thread 0x000001bcac56bb30 14119       1       com.zaxxer.hikari.HikariConfig::getLeakDetectionThreshold (5 bytes)
Event: 2771.472 Thread 0x000001bcac56bb30 nmethod 14119 0x000001bca3129790 code [0x000001bca3129920, 0x000001bca31299f0]
Event: 2771.472 Thread 0x000001bcac56bb30 14120       1       com.zaxxer.hikari.HikariConfig::getCatalog (5 bytes)
Event: 2771.472 Thread 0x000001bcac56bb30 nmethod 14120 0x000001bca3132290 code [0x000001bca3132420, 0x000001bca31324f0]
Event: 2892.123 Thread 0x000001bcac56bb30 14121   !   1       sun.rmi.transport.tcp.TCPTransport::handleMessages (424 bytes)
Event: 2892.134 Thread 0x000001bcac56bb30 nmethod 14121 0x000001bca36e6c90 code [0x000001bca36e71e0, 0x000001bca36e91a8]
Event: 2942.171 Thread 0x000001bcac56bb30 14122       1       java.net.Socket::isClosed (8 bytes)
Event: 2942.171 Thread 0x000001bcac56bb30 nmethod 14122 0x000001bca3166290 code [0x000001bca3166420, 0x000001bca3166500]
Event: 2942.171 Thread 0x000001bcac56bb30 14123   !   1       sun.nio.ch.NioSocketImpl::setOption (538 bytes)
Event: 2942.174 Thread 0x000001bcac56bb30 nmethod 14123 0x000001bca36e3b10 code [0x000001bca36e3f20, 0x000001bca36e5728]
Event: 2943.692 Thread 0x000001bcac56bb30 14124       1       org.springframework.boot.devtools.filewatch.DirectorySnapshot::getChangedFiles (256 bytes)
Event: 2943.696 Thread 0x000001bcac56bb30 nmethod 14124 0x000001bca35e1490 code [0x000001bca35e1840, 0x000001bca35e2770]
Event: 2943.696 Thread 0x000001bcac56bb30 14125       1       org.springframework.boot.devtools.filewatch.DirectorySnapshot::getFilesMap (54 bytes)
Event: 2943.697 Thread 0x000001bcac56bb30 nmethod 14125 0x000001bca36e3290 code [0x000001bca36e34a0, 0x000001bca36e37f0]

GC Heap History (20 events):
Event: 2535.077 GC heap after
{Heap after GC invocations=71 (full 19):
 garbage-first heap   total 110592K, used 33702K [0x0000000702400000, 0x0000000800000000)
  region size 2048K, 0 young (0K), 0 survivors (0K)
 Metaspace       used 88758K, committed 89856K, reserved 1179648K
  class space    used 12364K, committed 12864K, reserved 1048576K
}
Event: 2536.026 GC heap before
{Heap before GC invocations=71 (full 19):
 garbage-first heap   total 110592K, used 93094K [0x0000000702400000, 0x0000000800000000)
  region size 2048K, 30 young (61440K), 0 survivors (0K)
 Metaspace       used 88881K, committed 89856K, reserved 1179648K
  class space    used 12380K, committed 12864K, reserved 1048576K
}
Event: 2536.031 GC heap after
{Heap after GC invocations=72 (full 19):
 garbage-first heap   total 110592K, used 38198K [0x0000000702400000, 0x0000000800000000)
  region size 2048K, 3 young (6144K), 3 survivors (6144K)
 Metaspace       used 88881K, committed 89856K, reserved 1179648K
  class space    used 12380K, committed 12864K, reserved 1048576K
}
Event: 2541.032 GC heap before
{Heap before GC invocations=72 (full 19):
 garbage-first heap   total 110592K, used 66870K [0x0000000702400000, 0x0000000800000000)
  region size 2048K, 18 young (36864K), 3 survivors (6144K)
 Metaspace       used 89042K, committed 89984K, reserved 1179648K
  class space    used 12390K, committed 12864K, reserved 1048576K
}
Event: 2541.101 GC heap after
{Heap after GC invocations=73 (full 20):
 garbage-first heap   total 110592K, used 33640K [0x0000000702400000, 0x0000000800000000)
  region size 2048K, 0 young (0K), 0 survivors (0K)
 Metaspace       used 88751K, committed 89856K, reserved 1179648K
  class space    used 12363K, committed 12864K, reserved 1048576K
}
Event: 2542.257 GC heap before
{Heap before GC invocations=73 (full 20):
 garbage-first heap   total 110592K, used 93032K [0x0000000702400000, 0x0000000800000000)
  region size 2048K, 30 young (61440K), 0 survivors (0K)
 Metaspace       used 88883K, committed 89856K, reserved 1179648K
  class space    used 12382K, committed 12864K, reserved 1048576K
}
Event: 2542.263 GC heap after
{Heap after GC invocations=74 (full 20):
 garbage-first heap   total 110592K, used 37937K [0x0000000702400000, 0x0000000800000000)
  region size 2048K, 3 young (6144K), 3 survivors (6144K)
 Metaspace       used 88883K, committed 89856K, reserved 1179648K
  class space    used 12382K, committed 12864K, reserved 1048576K
}
Event: 2571.890 GC heap before
{Heap before GC invocations=74 (full 20):
 garbage-first heap   total 110592K, used 70705K [0x0000000702400000, 0x0000000800000000)
  region size 2048K, 20 young (40960K), 3 survivors (6144K)
 Metaspace       used 89043K, committed 89984K, reserved 1179648K
  class space    used 12392K, committed 12864K, reserved 1048576K
}
Event: 2571.962 GC heap after
{Heap after GC invocations=75 (full 21):
 garbage-first heap   total 110592K, used 33687K [0x0000000702400000, 0x0000000800000000)
  region size 2048K, 0 young (0K), 0 survivors (0K)
 Metaspace       used 88745K, committed 89920K, reserved 1179648K
  class space    used 12361K, committed 12864K, reserved 1048576K
}
Event: 2573.469 GC heap before
{Heap before GC invocations=75 (full 21):
 garbage-first heap   total 110592K, used 93079K [0x0000000702400000, 0x0000000800000000)
  region size 2048K, 30 young (61440K), 0 survivors (0K)
 Metaspace       used 88870K, committed 89920K, reserved 1179648K
  class space    used 12377K, committed 12864K, reserved 1048576K
}
Event: 2573.474 GC heap after
{Heap after GC invocations=76 (full 21):
 garbage-first heap   total 110592K, used 38185K [0x0000000702400000, 0x0000000800000000)
  region size 2048K, 3 young (6144K), 3 survivors (6144K)
 Metaspace       used 88870K, committed 89920K, reserved 1179648K
  class space    used 12377K, committed 12864K, reserved 1048576K
}
Event: 2590.601 GC heap before
{Heap before GC invocations=76 (full 21):
 garbage-first heap   total 110592K, used 68905K [0x0000000702400000, 0x0000000800000000)
  region size 2048K, 19 young (38912K), 3 survivors (6144K)
 Metaspace       used 89028K, committed 89984K, reserved 1179648K
  class space    used 12387K, committed 12864K, reserved 1048576K
}
Event: 2590.671 GC heap after
{Heap after GC invocations=77 (full 22):
 garbage-first heap   total 110592K, used 33789K [0x0000000702400000, 0x0000000800000000)
  region size 2048K, 0 young (0K), 0 survivors (0K)
 Metaspace       used 88739K, committed 89856K, reserved 1179648K
  class space    used 12359K, committed 12864K, reserved 1048576K
}
Event: 2591.682 GC heap before
{Heap before GC invocations=77 (full 22):
 garbage-first heap   total 110592K, used 95229K [0x0000000702400000, 0x0000000800000000)
  region size 2048K, 30 young (61440K), 0 survivors (0K)
 Metaspace       used 88864K, committed 89856K, reserved 1179648K
  class space    used 12375K, committed 12864K, reserved 1048576K
}
Event: 2591.687 GC heap after
{Heap after GC invocations=78 (full 22):
 garbage-first heap   total 110592K, used 38084K [0x0000000702400000, 0x0000000800000000)
  region size 2048K, 3 young (6144K), 3 survivors (6144K)
 Metaspace       used 88864K, committed 89856K, reserved 1179648K
  class space    used 12375K, committed 12864K, reserved 1048576K
}
Event: 2680.396 GC heap before
{Heap before GC invocations=78 (full 22):
 garbage-first heap   total 110592K, used 79044K [0x0000000702400000, 0x0000000800000000)
  region size 2048K, 24 young (49152K), 3 survivors (6144K)
 Metaspace       used 89023K, committed 89984K, reserved 1179648K
  class space    used 12386K, committed 12864K, reserved 1048576K
}
Event: 2680.465 GC heap after
{Heap after GC invocations=79 (full 23):
 garbage-first heap   total 110592K, used 33900K [0x0000000702400000, 0x0000000800000000)
  region size 2048K, 0 young (0K), 0 survivors (0K)
 Metaspace       used 88730K, committed 89856K, reserved 1179648K
  class space    used 12354K, committed 12864K, reserved 1048576K
}
Event: 2681.646 GC heap before
{Heap before GC invocations=79 (full 23):
 garbage-first heap   total 110592K, used 93292K [0x0000000702400000, 0x0000000800000000)
  region size 2048K, 30 young (61440K), 0 survivors (0K)
 Metaspace       used 88853K, committed 89856K, reserved 1179648K
  class space    used 12370K, committed 12864K, reserved 1048576K
}
Event: 2681.651 GC heap after
{Heap after GC invocations=80 (full 23):
 garbage-first heap   total 110592K, used 38398K [0x0000000702400000, 0x0000000800000000)
  region size 2048K, 3 young (6144K), 3 survivors (6144K)
 Metaspace       used 88853K, committed 89856K, reserved 1179648K
  class space    used 12370K, committed 12864K, reserved 1048576K
}
Event: 3466.167 GC heap before
{Heap before GC invocations=80 (full 23):
 garbage-first heap   total 110592K, used 91646K [0x0000000702400000, 0x0000000800000000)
  region size 2048K, 29 young (59392K), 3 survivors (6144K)
 Metaspace       used 88881K, committed 89856K, reserved 1179648K
  class space    used 12377K, committed 12864K, reserved 1048576K
}

Dll operation events (12 events):
Event: 0.049 Loaded shared library C:\pleiades\2024-12\java\21\bin\java.dll
Event: 0.436 Loaded shared library C:\pleiades\2024-12\java\21\bin\zip.dll
Event: 0.450 Loaded shared library C:\pleiades\2024-12\java\21\bin\instrument.dll
Event: 0.457 Loaded shared library C:\pleiades\2024-12\java\21\bin\net.dll
Event: 0.459 Loaded shared library C:\pleiades\2024-12\java\21\bin\nio.dll
Event: 0.465 Loaded shared library C:\pleiades\2024-12\java\21\bin\zip.dll
Event: 0.664 Loaded shared library C:\pleiades\2024-12\java\21\bin\jimage.dll
Event: 0.736 Loaded shared library C:\pleiades\2024-12\java\21\bin\management.dll
Event: 0.749 Loaded shared library C:\pleiades\2024-12\java\21\bin\management_ext.dll
Event: 0.986 Loaded shared library C:\pleiades\2024-12\java\21\bin\verify.dll
Event: 1.079 Loaded shared library C:\pleiades\2024-12\java\21\bin\extnet.dll
Event: 2.706 Loaded shared library C:\pleiades\2024-12\java\21\bin\sunmscapi.dll

Deoptimization events (20 events):
Event: 2681.540 Thread 0x000001bcfa293300 DEOPT PACKING pc=0x000001bca2dd3d51 sp=0x00000050959fe8d0
Event: 2681.540 Thread 0x000001bcfa293300 DEOPT UNPACKING pc=0x000001bca2394e42 sp=0x00000050959fdd88 mode 1
Event: 2681.541 Thread 0x000001bcfa293300 DEOPT PACKING pc=0x000001bca3378874 sp=0x00000050959fe930
Event: 2681.541 Thread 0x000001bcfa293300 DEOPT UNPACKING pc=0x000001bca2394e42 sp=0x00000050959fddb8 mode 1
Event: 2681.541 Thread 0x000001bcfa293300 DEOPT PACKING pc=0x000001bca2e5b884 sp=0x00000050959fea00
Event: 2681.541 Thread 0x000001bcfa293300 DEOPT UNPACKING pc=0x000001bca2394e42 sp=0x00000050959fded0 mode 1
Event: 2681.651 Thread 0x000001bcfa293300 DEOPT PACKING pc=0x000001bca2dd3d51 sp=0x00000050959fe8d0
Event: 2681.651 Thread 0x000001bcfa293300 DEOPT UNPACKING pc=0x000001bca2394e42 sp=0x00000050959fdd88 mode 1
Event: 2681.651 Thread 0x000001bcfa293300 DEOPT PACKING pc=0x000001bca3378874 sp=0x00000050959fe930
Event: 2681.651 Thread 0x000001bcfa293300 DEOPT UNPACKING pc=0x000001bca2394e42 sp=0x00000050959fddb8 mode 1
Event: 2681.651 Thread 0x000001bcfa293300 DEOPT PACKING pc=0x000001bca2e5b884 sp=0x00000050959fea00
Event: 2681.651 Thread 0x000001bcfa293300 DEOPT UNPACKING pc=0x000001bca2394e42 sp=0x00000050959fded0 mode 1
Event: 2681.757 Thread 0x000001bcfa293300 DEOPT PACKING pc=0x000001bca2dd3d51 sp=0x00000050959fe8d0
Event: 2681.757 Thread 0x000001bcfa293300 DEOPT UNPACKING pc=0x000001bca2394e42 sp=0x00000050959fdd88 mode 1
Event: 2681.757 Thread 0x000001bcfa293300 DEOPT PACKING pc=0x000001bca3378874 sp=0x00000050959fe930
Event: 2681.757 Thread 0x000001bcfa293300 DEOPT UNPACKING pc=0x000001bca2394e42 sp=0x00000050959fddb8 mode 1
Event: 2681.757 Thread 0x000001bcfa293300 DEOPT PACKING pc=0x000001bca2e5b884 sp=0x00000050959fea00
Event: 2681.757 Thread 0x000001bcfa293300 DEOPT UNPACKING pc=0x000001bca2394e42 sp=0x00000050959fded0 mode 1
Event: 2703.691 Thread 0x000001bcfa28ddb0 DEOPT PACKING pc=0x000001bca26fedb4 sp=0x00000050954fdcf0
Event: 2703.691 Thread 0x000001bcfa28ddb0 DEOPT UNPACKING pc=0x000001bca2394e42 sp=0x00000050954fd1a8 mode 0

Classes loaded (20 events):
Event: 441.870 Loading class sun/util/locale/LocaleExtensions
Event: 441.871 Loading class sun/util/locale/LocaleExtensions done
Event: 441.872 Loading class java/util/Locale$FilteringMode
Event: 441.872 Loading class java/util/Locale$FilteringMode done
Event: 441.872 Loading class java/util/Locale$IsoCountryCode
Event: 441.872 Loading class java/util/Locale$IsoCountryCode done
Event: 441.873 Loading class java/io/ObjectOutputStream$PutFieldImpl
Event: 441.873 Loading class java/io/ObjectOutputStream$PutField
Event: 441.873 Loading class java/io/ObjectOutputStream$PutField done
Event: 441.873 Loading class java/io/ObjectOutputStream$PutFieldImpl done
Event: 784.861 Loading class java/time/DurationEditor
Event: 784.861 Loading class java/time/DurationEditor done
Event: 899.562 Loading class java/time/DurationEditor
Event: 899.562 Loading class java/time/DurationEditor done
Event: 899.879 Loading class java/util/concurrent/locks/ReentrantReadWriteLock$Sync$HoldCounter
Event: 899.879 Loading class java/util/concurrent/locks/ReentrantReadWriteLock$Sync$HoldCounter done
Event: 930.273 Loading class java/lang/StringEditor
Event: 930.273 Loading class java/lang/StringEditor done
Event: 2210.885 Loading class java/time/DurationEditor
Event: 2210.885 Loading class java/time/DurationEditor done

Classes unloaded (20 events):
Event: 2680.422 Thread 0x000001bcac537030 Unloading class 0x000001bcaec51400 'com/tomato/demo/config/BeanDefine$$SpringCGLIB$$FastClass$$0'
Event: 2680.422 Thread 0x000001bcac537030 Unloading class 0x000001bcaec53000 'com/tomato/demo/config/BeanDefine$$SpringCGLIB$$0'
Event: 2680.422 Thread 0x000001bcac537030 Unloading class 0x000001bcaec60c00 'com/tomato/demo/SearchFlightSpecialsApplication$$SpringCGLIB$$0'
Event: 2680.422 Thread 0x000001bcac537030 Unloading class 0x000001bcaec40df8 'com/tomato/demo/repository/UsersRepository'
Event: 2680.422 Thread 0x000001bcac537030 Unloading class 0x000001bcaec63400 'com/tomato/demo/entity/UsersEntity'
Event: 2680.422 Thread 0x000001bcac537030 Unloading class 0x000001bcaec40c08 'com/tomato/demo/repository/SignupRepository'
Event: 2680.422 Thread 0x000001bcac537030 Unloading class 0x000001bcaec40a10 'com/tomato/demo/SpringbootTomatoApplication'
Event: 2680.422 Thread 0x000001bcac537030 Unloading class 0x000001bcaec40800 'com/tomato/demo/service/UsersService'
Event: 2680.422 Thread 0x000001bcac537030 Unloading class 0x000001bcaec4cc10 'com/tomato/demo/service/SignupService'
Event: 2680.422 Thread 0x000001bcac537030 Unloading class 0x000001bcaec4ca00 'com/tomato/demo/controller/SignupController'
Event: 2680.422 Thread 0x000001bcac537030 Unloading class 0x000001bcaec4c800 'com/tomato/demo/controller/MyPageController'
Event: 2680.422 Thread 0x000001bcac537030 Unloading class 0x000001bcaec52418 'com/tomato/demo/controller/MainController'
Event: 2680.422 Thread 0x000001bcac537030 Unloading class 0x000001bcaec52208 'com/tomato/demo/controller/LoginController'
Event: 2680.422 Thread 0x000001bcac537030 Unloading class 0x000001bcaec52000 'com/tomato/demo/config/WebSecurityConfig'
Event: 2680.422 Thread 0x000001bcac537030 Unloading class 0x000001bcaec53c20 'com/tomato/demo/config/BeanDefine'
Event: 2680.422 Thread 0x000001bcac537030 Unloading class 0x000001bcaec539f8 'com/tomato/demo/config/AmadeusConfig'
Event: 2680.422 Thread 0x000001bcac537030 Unloading class 0x000001bcaec53800 'com/tomato/demo/SearchFlightSpecialsApplication'
Event: 2680.422 Thread 0x000001bcac537030 Unloading class 0x000001bcae814400 'java/lang/invoke/LambdaForm$MH+0x000001bcae814400'
Event: 2680.422 Thread 0x000001bcac537030 Unloading class 0x000001bcaebea000 'java/lang/invoke/LambdaForm$MH+0x000001bcaebea000'
Event: 2680.422 Thread 0x000001bcac537030 Unloading class 0x000001bcaec45000 'java/lang/invoke/LambdaForm$MH+0x000001bcaec45000'

Classes redefined (17 events):
Event: 440.295 Thread 0x000001bcac537030 redefined class name=com.tomato.demo.config.WebSecurityConfig, count=1
Event: 440.295 Thread 0x000001bcac537030 redefined class name=com.tomato.demo.config.WebSecurityConfig, count=1
Event: 440.295 Thread 0x000001bcac537030 redefined class name=com.tomato.demo.config.WebSecurityConfig, count=1
Event: 440.295 Thread 0x000001bcac537030 redefined class name=com.tomato.demo.config.WebSecurityConfig, count=1
Event: 440.295 Thread 0x000001bcac537030 redefined class name=com.tomato.demo.config.WebSecurityConfig, count=1
Event: 440.295 Thread 0x000001bcac537030 redefined class name=com.tomato.demo.config.WebSecurityConfig, count=1
Event: 440.295 Thread 0x000001bcac537030 redefined class name=com.tomato.demo.config.WebSecurityConfig, count=1
Event: 922.362 Thread 0x000001bcac537030 redefined class name=com.tomato.demo.config.WebSecurityConfig, count=2
Event: 922.362 Thread 0x000001bcac537030 redefined class name=com.tomato.demo.config.WebSecurityConfig, count=2
Event: 922.362 Thread 0x000001bcac537030 redefined class name=com.tomato.demo.config.WebSecurityConfig, count=1
Event: 922.362 Thread 0x000001bcac537030 redefined class name=com.tomato.demo.config.WebSecurityConfig, count=1
Event: 922.362 Thread 0x000001bcac537030 redefined class name=com.tomato.demo.config.WebSecurityConfig, count=1
Event: 922.362 Thread 0x000001bcac537030 redefined class name=com.tomato.demo.config.WebSecurityConfig, count=2
Event: 922.362 Thread 0x000001bcac537030 redefined class name=com.tomato.demo.config.WebSecurityConfig, count=2
Event: 922.362 Thread 0x000001bcac537030 redefined class name=com.tomato.demo.config.WebSecurityConfig, count=2
Event: 922.362 Thread 0x000001bcac537030 redefined class name=com.tomato.demo.config.WebSecurityConfig, count=2
Event: 922.362 Thread 0x000001bcac537030 redefined class name=com.tomato.demo.config.WebSecurityConfig, count=2

Internal exceptions (20 events):
Event: 2591.328 Thread 0x000001bcf55fd6f0 Exception <a 'java/lang/NoClassDefFoundError'{0x0000000706a16238}: org/flywaydb/core/Flyway> (0x0000000706a16238) 
thrown [s\src\hotspot\share\oops\constantPool.cpp, line 873]
Event: 2591.329 Thread 0x000001bcf55fd6f0 Exception <a 'java/lang/NoClassDefFoundError'{0x0000000706a16898}: liquibase/integration/spring/SpringLiquibase> (0x0000000706a16898) 
thrown [s\src\hotspot\share\oops\constantPool.cpp, line 873]
Event: 2591.340 Thread 0x000001bcf55fd6f0 Exception <a 'java/lang/NoClassDefFoundError'{0x0000000706a8dbc8}: org/jooq/DSLContext> (0x0000000706a8dbc8) 
thrown [s\src\hotspot\share\oops\constantPool.cpp, line 873]
Event: 2591.342 Thread 0x000001bcf55fd6f0 Exception <a 'java/lang/NoClassDefFoundError'{0x0000000706a9b608}: org/springframework/batch/core/repository/JobRepository> (0x0000000706a9b608) 
thrown [s\src\hotspot\share\oops\constantPool.cpp, line 873]
Event: 2591.343 Thread 0x000001bcf55fd6f0 Exception <a 'java/lang/NoClassDefFoundError'{0x0000000706a9bc60}: org/quartz/Scheduler> (0x0000000706a9bc60) 
thrown [s\src\hotspot\share\oops\constantPool.cpp, line 873]
Event: 2591.343 Thread 0x000001bcf55fd6f0 Exception <a 'java/lang/NoClassDefFoundError'{0x0000000706a9c2e0}: org/springframework/session/jdbc/JdbcIndexedSessionRepository> (0x0000000706a9c2e0) 
thrown [s\src\hotspot\share\oops\constantPool.cpp, line 873]
Event: 2591.416 Thread 0x000001bcf55fd6f0 Exception <a 'java/io/FileNotFoundException'{0x0000000706310220}> (0x0000000706310220) 
thrown [s\src\hotspot\share\prims\jni.cpp, line 520]
Event: 2591.417 Thread 0x000001bcf55fd6f0 Exception <a 'java/io/FileNotFoundException'{0x0000000706311838}> (0x0000000706311838) 
thrown [s\src\hotspot\share\prims\jni.cpp, line 520]
Event: 2591.430 Thread 0x000001bcf55fd6f0 Exception <a 'java/io/FileNotFoundException'{0x0000000706058960}> (0x0000000706058960) 
thrown [s\src\hotspot\share\prims\jni.cpp, line 520]
Event: 2680.396 Thread 0x000001bcf55fe410 Exception <a 'java/lang/InterruptedException'{0x0000000706618448}: sleep interrupted> (0x0000000706618448) 
thrown [s\src\hotspot\share\prims\jvm.cpp, line 3074]
Event: 2680.488 Thread 0x000001bcfa28ddb0 Exception <a 'sun/nio/fs/WindowsException'{0x0000000708eb8118}> (0x0000000708eb8118) 
thrown [s\src\hotspot\share\prims\jni.cpp, line 520]
Event: 2681.055 Thread 0x000001bcfa28ddb0 Exception <a 'java/lang/NoClassDefFoundError'{0x0000000706a0c3b0}: org/flywaydb/core/Flyway> (0x0000000706a0c3b0) 
thrown [s\src\hotspot\share\oops\constantPool.cpp, line 873]
Event: 2681.115 Thread 0x000001bcfa28ddb0 Exception <a 'java/lang/NoClassDefFoundError'{0x0000000706a0ca10}: liquibase/integration/spring/SpringLiquibase> (0x0000000706a0ca10) 
thrown [s\src\hotspot\share\oops\constantPool.cpp, line 873]
Event: 2681.122 Thread 0x000001bcfa28ddb0 Exception <a 'java/lang/NoClassDefFoundError'{0x0000000706a83a80}: org/jooq/DSLContext> (0x0000000706a83a80) 
thrown [s\src\hotspot\share\oops\constantPool.cpp, line 873]
Event: 2681.123 Thread 0x000001bcfa28ddb0 Exception <a 'java/lang/NoClassDefFoundError'{0x0000000706a91460}: org/springframework/batch/core/repository/JobRepository> (0x0000000706a91460) 
thrown [s\src\hotspot\share\oops\constantPool.cpp, line 873]
Event: 2681.124 Thread 0x000001bcfa28ddb0 Exception <a 'java/lang/NoClassDefFoundError'{0x0000000706a91ab8}: org/quartz/Scheduler> (0x0000000706a91ab8) 
thrown [s\src\hotspot\share\oops\constantPool.cpp, line 873]
Event: 2681.124 Thread 0x000001bcfa28ddb0 Exception <a 'java/lang/NoClassDefFoundError'{0x0000000706a92138}: org/springframework/session/jdbc/JdbcIndexedSessionRepository> (0x0000000706a92138) 
thrown [s\src\hotspot\share\oops\constantPool.cpp, line 873]
Event: 2681.183 Thread 0x000001bcfa28ddb0 Exception <a 'java/io/FileNotFoundException'{0x0000000706303498}> (0x0000000706303498) 
thrown [s\src\hotspot\share\prims\jni.cpp, line 520]
Event: 2681.183 Thread 0x000001bcfa28ddb0 Exception <a 'java/io/FileNotFoundException'{0x0000000706304b10}> (0x0000000706304b10) 
thrown [s\src\hotspot\share\prims\jni.cpp, line 520]
Event: 2681.193 Thread 0x000001bcfa28ddb0 Exception <a 'java/io/FileNotFoundException'{0x000000070604b6c0}> (0x000000070604b6c0) 
thrown [s\src\hotspot\share\prims\jni.cpp, line 520]

ZGC Phase Switch (0 events):
No events

VM Operations (20 events):
Event: 2754.895 Executing VM operation: get/set locals done
Event: 2754.895 Executing VM operation: get/set locals
Event: 2754.895 Executing VM operation: get/set locals done
Event: 2826.326 Executing VM operation: HandshakeAllThreads (HandshakeForDeflation)
Event: 2826.326 Executing VM operation: HandshakeAllThreads (HandshakeForDeflation) done
Event: 2826.326 Executing VM operation: RendezvousGCThreads
Event: 2826.326 Executing VM operation: RendezvousGCThreads done
Event: 2946.455 Executing VM operation: HandshakeAllThreads (HandshakeForDeflation)
Event: 2946.455 Executing VM operation: HandshakeAllThreads (HandshakeForDeflation) done
Event: 2946.455 Executing VM operation: RendezvousGCThreads
Event: 2946.455 Executing VM operation: RendezvousGCThreads done
Event: 3006.536 Executing VM operation: HandshakeAllThreads (HandshakeForDeflation)
Event: 3006.536 Executing VM operation: HandshakeAllThreads (HandshakeForDeflation) done
Event: 3006.536 Executing VM operation: RendezvousGCThreads
Event: 3006.536 Executing VM operation: RendezvousGCThreads done
Event: 3307.438 Executing VM operation: HandshakeAllThreads (HandshakeForDeflation)
Event: 3307.438 Executing VM operation: HandshakeAllThreads (HandshakeForDeflation) done
Event: 3307.438 Executing VM operation: RendezvousGCThreads
Event: 3307.438 Executing VM operation: RendezvousGCThreads done
Event: 3466.166 Executing VM operation: G1CollectForAllocation (G1 Evacuation Pause)

Memory protections (0 events):
No events

Nmethod flushes (20 events):
Event: 2590.641 Thread 0x000001bcac537030 flushing  nmethod 0x000001bca33b2490
Event: 2590.641 Thread 0x000001bcac537030 flushing  nmethod 0x000001bca33b3110
Event: 2590.641 Thread 0x000001bcac537030 flushing  nmethod 0x000001bca24f8090
Event: 2590.641 Thread 0x000001bcac537030 flushing  nmethod 0x000001bca2658210
Event: 2590.641 Thread 0x000001bcac537030 flushing  nmethod 0x000001bca2752a10
Event: 2590.641 Thread 0x000001bcac537030 flushing  nmethod 0x000001bca2a94010
Event: 2590.641 Thread 0x000001bcac537030 flushing  nmethod 0x000001bca2b1ee10
Event: 2590.641 Thread 0x000001bcac537030 flushing  nmethod 0x000001bca2da3810
Event: 2590.641 Thread 0x000001bcac537030 flushing  nmethod 0x000001bca2e07c90
Event: 2590.641 Thread 0x000001bcac537030 flushing  nmethod 0x000001bca2e2e190
Event: 2590.641 Thread 0x000001bcac537030 flushing  nmethod 0x000001bca2f62390
Event: 2590.641 Thread 0x000001bcac537030 flushing  nmethod 0x000001bca2f8f310
Event: 2590.641 Thread 0x000001bcac537030 flushing  nmethod 0x000001bca3132290
Event: 2590.641 Thread 0x000001bcac537030 flushing  nmethod 0x000001bca3138f10
Event: 2590.641 Thread 0x000001bcac537030 flushing  nmethod 0x000001bca3240990
Event: 2590.641 Thread 0x000001bcac537030 flushing  nmethod 0x000001bca3282d10
Event: 2590.641 Thread 0x000001bcac537030 flushing  nmethod 0x000001bca32a9110
Event: 2590.641 Thread 0x000001bcac537030 flushing  nmethod 0x000001bca32ac390
Event: 2590.641 Thread 0x000001bcac537030 flushing  nmethod 0x000001bca34bc810
Event: 2590.641 Thread 0x000001bcac537030 flushing  nmethod 0x000001bca34cfe90

Events (20 events):
Event: 2680.396 Thread 0x000001bcf55fe410 Thread exited: 0x000001bcf55fe410
Event: 2680.466 Thread 0x000001bcfa28d720 Thread added: 0x000001bcfa292c70
Event: 2680.467 Thread 0x000001bcfa28d720 Thread added: 0x000001bcfa28ddb0
Event: 2680.467 Thread 0x000001bcfa292c70 Thread exited: 0x000001bcfa292c70
Event: 2680.468 Thread 0x000001bcf5602c40 Thread exited: 0x000001bcf5602c40
Event: 2680.468 Thread 0x000001bcf56025b0 Thread exited: 0x000001bcf56025b0
Event: 2680.570 Thread 0x000001bcfa28ddb0 Thread added: 0x000001bcfa290ba0
Event: 2680.639 Thread 0x000001bcfa290ba0 Thread exited: 0x000001bcfa290ba0
Event: 2680.649 Thread 0x000001bcfa28ddb0 Thread added: 0x000001bcfa28fe80
Event: 2680.694 Thread 0x000001bcfa28fe80 Thread exited: 0x000001bcfa28fe80
Event: 2681.219 Thread 0x000001bcfa28ddb0 Thread added: 0x000001bcfa28d090
Event: 2681.219 Thread 0x000001bcfa28ddb0 Thread added: 0x000001bcfa28f160
Event: 2681.219 Thread 0x000001bcfa28ddb0 Thread added: 0x000001bcfa28e440
Event: 2681.343 Thread 0x000001bcfa28ddb0 Thread added: 0x000001bcfa291230
Event: 2681.343 Thread 0x000001bcfa28ddb0 Thread added: 0x000001bcfa28fe80
Event: 2681.343 Thread 0x000001bcfa28fe80 Thread exited: 0x000001bcfa28fe80
Event: 2681.344 Thread 0x000001bcfa28ddb0 Thread added: 0x000001bcfa291f50
Event: 2681.446 Thread 0x000001bcfa291f50 Thread added: 0x000001bcfa293300
Event: 2686.862 Thread 0x000001bcfa293300 Thread exited: 0x000001bcfa293300
Event: 2741.832 Thread 0x000001bcfa291230 Thread exited: 0x000001bcfa291230


Dynamic libraries:
0x00007ff71e4c0000 - 0x00007ff71e4ce000 	C:\pleiades\2024-12\java\21\bin\javaw.exe
0x00007ffdfc7d0000 - 0x00007ffdfc9e7000 	C:\WINDOWS\SYSTEM32\ntdll.dll
0x00007ffdfbc50000 - 0x00007ffdfbd14000 	C:\WINDOWS\System32\KERNEL32.DLL
0x00007ffdf9d30000 - 0x00007ffdfa101000 	C:\WINDOWS\System32\KERNELBASE.dll
0x00007ffdfa190000 - 0x00007ffdfa2a1000 	C:\WINDOWS\System32\ucrtbase.dll
0x00007ffda8f90000 - 0x00007ffda8fae000 	C:\pleiades\2024-12\java\21\bin\VCRUNTIME140.dll
0x00007ffdaec90000 - 0x00007ffdaeca8000 	C:\pleiades\2024-12\java\21\bin\jli.dll
0x00007ffdfba20000 - 0x00007ffdfbbd1000 	C:\WINDOWS\System32\USER32.dll
0x00007ffdf9bc0000 - 0x00007ffdf9be6000 	C:\WINDOWS\System32\win32u.dll
0x00007ffdfa4c0000 - 0x00007ffdfa4e9000 	C:\WINDOWS\System32\GDI32.dll
0x00007ffdfa380000 - 0x00007ffdfa49b000 	C:\WINDOWS\System32\gdi32full.dll
0x00007ffdfa2b0000 - 0x00007ffdfa34a000 	C:\WINDOWS\System32\msvcp_win.dll
0x00007ffde3400000 - 0x00007ffde3692000 	C:\WINDOWS\WinSxS\amd64_microsoft.windows.common-controls_6595b64144ccf1df_6.0.22621.4830_none_270fe7d773858e80\COMCTL32.dll
0x00007ffdfa940000 - 0x00007ffdfa9e7000 	C:\WINDOWS\System32\msvcrt.dll
0x00007ffdfc630000 - 0x00007ffdfc661000 	C:\WINDOWS\System32\IMM32.DLL
0x00007ffde9d10000 - 0x00007ffde9d1c000 	C:\pleiades\2024-12\java\21\bin\vcruntime140_1.dll
0x00007ffd9ac20000 - 0x00007ffd9acad000 	C:\pleiades\2024-12\java\21\bin\msvcp140.dll
0x00007ffd8e5e0000 - 0x00007ffd8f36f000 	C:\pleiades\2024-12\java\21\bin\server\jvm.dll
0x00007ffdfc3b0000 - 0x00007ffdfc461000 	C:\WINDOWS\System32\ADVAPI32.dll
0x00007ffdfc690000 - 0x00007ffdfc737000 	C:\WINDOWS\System32\sechost.dll
0x00007ffdfa350000 - 0x00007ffdfa378000 	C:\WINDOWS\System32\bcrypt.dll
0x00007ffdfb420000 - 0x00007ffdfb534000 	C:\WINDOWS\System32\RPCRT4.dll
0x00007ffdfc5b0000 - 0x00007ffdfc621000 	C:\WINDOWS\System32\WS2_32.dll
0x00007ffdf2460000 - 0x00007ffdf2494000 	C:\WINDOWS\SYSTEM32\WINMM.dll
0x00007ffdf87c0000 - 0x00007ffdf880d000 	C:\WINDOWS\SYSTEM32\POWRPROF.dll
0x00007ffdecc30000 - 0x00007ffdecc3a000 	C:\WINDOWS\SYSTEM32\VERSION.dll
0x00007ffdf87a0000 - 0x00007ffdf87b3000 	C:\WINDOWS\SYSTEM32\UMPDC.dll
0x00007ffdf8a50000 - 0x00007ffdf8a68000 	C:\WINDOWS\SYSTEM32\kernel.appcore.dll
0x00007ffdedc20000 - 0x00007ffdedc2a000 	C:\pleiades\2024-12\java\21\bin\jimage.dll
0x00007ffdda2d0000 - 0x00007ffdda502000 	C:\WINDOWS\SYSTEM32\DBGHELP.DLL
0x00007ffdfbee0000 - 0x00007ffdfc270000 	C:\WINDOWS\System32\combase.dll
0x00007ffdfc470000 - 0x00007ffdfc547000 	C:\WINDOWS\System32\OLEAUT32.dll
0x00007ffdda170000 - 0x00007ffdda1a2000 	C:\WINDOWS\SYSTEM32\dbgcore.DLL
0x00007ffdf9a80000 - 0x00007ffdf9afb000 	C:\WINDOWS\System32\bcryptPrimitives.dll
0x00007ffded670000 - 0x00007ffded6ac000 	C:\pleiades\2024-12\java\21\bin\jdwp.dll
0x00007ffdec2b0000 - 0x00007ffdec2bf000 	C:\pleiades\2024-12\java\21\bin\instrument.dll
0x00007ffd9e4f0000 - 0x00007ffd9e50f000 	C:\pleiades\2024-12\java\21\bin\java.dll
0x00007ffdfaa70000 - 0x00007ffdfb2f8000 	C:\WINDOWS\System32\SHELL32.dll
0x00007ffdf9bf0000 - 0x00007ffdf9d2f000 	C:\WINDOWS\System32\wintypes.dll
0x00007ffdf7880000 - 0x00007ffdf818c000 	C:\WINDOWS\SYSTEM32\windows.storage.dll
0x00007ffdfb300000 - 0x00007ffdfb40a000 	C:\WINDOWS\System32\SHCORE.dll
0x00007ffdfb9c0000 - 0x00007ffdfba1e000 	C:\WINDOWS\System32\shlwapi.dll
0x00007ffdf9840000 - 0x00007ffdf986b000 	C:\WINDOWS\SYSTEM32\profapi.dll
0x00007ffdf4340000 - 0x00007ffdf434b000 	C:\pleiades\2024-12\java\21\bin\dt_socket.dll
0x00007ffdf8460000 - 0x00007ffdf848d000 	C:\WINDOWS\SYSTEM32\IPHLPAPI.DLL
0x00007ffdf8ec0000 - 0x00007ffdf8f2a000 	C:\WINDOWS\system32\mswsock.dll
0x00007ffdf84d0000 - 0x00007ffdf85d2000 	C:\WINDOWS\SYSTEM32\DNSAPI.dll
0x00007ffdfa4a0000 - 0x00007ffdfa4a9000 	C:\WINDOWS\System32\NSI.dll
0x00007ffde5ed0000 - 0x00007ffde5eda000 	C:\Windows\System32\rasadhlp.dll
0x00007ffdf0480000 - 0x00007ffdf0503000 	C:\WINDOWS\System32\fwpuclnt.dll
0x00007ffd96390000 - 0x00007ffd963a8000 	C:\pleiades\2024-12\java\21\bin\zip.dll
0x00007ffdeb610000 - 0x00007ffdeb620000 	C:\pleiades\2024-12\java\21\bin\net.dll
0x00007ffdf6d40000 - 0x00007ffdf6e6c000 	C:\WINDOWS\SYSTEM32\WINHTTP.dll
0x00007ffd96370000 - 0x00007ffd96386000 	C:\pleiades\2024-12\java\21\bin\nio.dll
0x00007ffde8190000 - 0x00007ffde819a000 	C:\pleiades\2024-12\java\21\bin\management.dll
0x00007ffde7840000 - 0x00007ffde784b000 	C:\pleiades\2024-12\java\21\bin\management_ext.dll
0x00007ffdfb410000 - 0x00007ffdfb418000 	C:\WINDOWS\System32\PSAPI.DLL
0x00007ffdcee80000 - 0x00007ffdcee97000 	C:\WINDOWS\system32\napinsp.dll
0x00007ffdcbf90000 - 0x00007ffdcbfab000 	C:\WINDOWS\system32\pnrpnsp.dll
0x00007ffdd2380000 - 0x00007ffdd23a7000 	C:\WINDOWS\system32\nlansp_c.dll
0x00007ffdcb140000 - 0x00007ffdcb151000 	C:\WINDOWS\System32\winrnr.dll
0x00007ffdf1730000 - 0x00007ffdf1745000 	C:\WINDOWS\system32\wshbth.dll
0x00007ffde82c0000 - 0x00007ffde82d0000 	C:\pleiades\2024-12\java\21\bin\verify.dll
0x00007ffdf9120000 - 0x00007ffdf913b000 	C:\WINDOWS\SYSTEM32\CRYPTSP.dll
0x00007ffdf89b0000 - 0x00007ffdf89e7000 	C:\WINDOWS\system32\rsaenh.dll
0x00007ffdf8fb0000 - 0x00007ffdf8fd8000 	C:\WINDOWS\SYSTEM32\USERENV.dll
0x00007ffdf9110000 - 0x00007ffdf911c000 	C:\WINDOWS\SYSTEM32\CRYPTBASE.dll
0x00007ffde8c60000 - 0x00007ffde8c69000 	C:\pleiades\2024-12\java\21\bin\extnet.dll
0x00007ffdf1750000 - 0x00007ffdf175e000 	C:\pleiades\2024-12\java\21\bin\sunmscapi.dll
0x00007ffdf9910000 - 0x00007ffdf9a76000 	C:\WINDOWS\System32\CRYPT32.dll
0x00007ffdf92d0000 - 0x00007ffdf92fd000 	C:\WINDOWS\SYSTEM32\ncrypt.dll
0x00007ffdf9290000 - 0x00007ffdf92c7000 	C:\WINDOWS\SYSTEM32\NTASN1.dll
0x00007ffded770000 - 0x00007ffded778000 	C:\WINDOWS\system32\wshunix.dll

dbghelp: loaded successfully - version: 4.0.5 - missing functions: none
symbol engine: initialized successfully - sym options: 0x614 - pdb path: .;C:\pleiades\2024-12\java\21\bin;C:\WINDOWS\SYSTEM32;C:\WINDOWS\WinSxS\amd64_microsoft.windows.common-controls_6595b64144ccf1df_6.0.22621.4830_none_270fe7d773858e80;C:\pleiades\2024-12\java\21\bin\server

VM Arguments:
jvm_args: -XX:+ShowCodeDetailsInExceptionMessages -agentlib:jdwp=transport=dt_socket,suspend=y,address=localhost:57017 -Dcom.sun.management.jmxremote -Dcom.sun.management.jmxremote.port=57015 -Dcom.sun.management.jmxremote.authenticate=false -Dcom.sun.management.jmxremote.ssl=false -Djava.rmi.server.hostname=localhost -Dspring.jmx.enabled=true -Dmanagement.endpoints.jmx.exposure.include=* -Dspring.application.admin.enabled=true -XX:TieredStopAtLevel=1 -Dspring.boot.project.name=Search-Flight-Specials -javaagent:C:\pleiades\2024-12\eclipse\configuration\org.eclipse.osgi\252\0\.cp\lib\javaagent-shaded.jar -Dfile.encoding=UTF-8 -Dstdout.encoding=UTF-8 -Dstderr.encoding=UTF-8 
java_command: com.tomato.demo.SearchFlightSpecialsApplication --spring.output.ansi.enabled=always
java_class_path (initial): C:\Users\user\git\Search-Flight-Specials\Search-Flight-Specials\target\test-classes;C:\Users\user\git\Search-Flight-Specials\Search-Flight-Specials\target\classes;C:\Users\user\.m2\repository\org\springframework\boot\spring-boot-starter-data-jpa\3.3.5\spring-boot-starter-data-jpa-3.3.5.jar;C:\Users\user\.m2\repository\org\springframework\boot\spring-boot-starter-aop\3.3.5\spring-boot-starter-aop-3.3.5.jar;C:\Users\user\.m2\repository\org\aspectj\aspectjweaver\1.9.22.1\aspectjweaver-1.9.22.1.jar;C:\Users\user\.m2\repository\org\springframework\boot\spring-boot-starter-jdbc\3.3.5\spring-boot-starter-jdbc-3.3.5.jar;C:\Users\user\.m2\repository\com\zaxxer\HikariCP\5.1.0\HikariCP-5.1.0.jar;C:\Users\user\.m2\repository\org\springframework\spring-jdbc\6.1.14\spring-jdbc-6.1.14.jar;C:\Users\user\.m2\repository\org\hibernate\orm\hibernate-core\6.5.3.Final\hibernate-core-6.5.3.Final.jar;C:\Users\user\.m2\repository\jakarta\persistence\jakarta.persistence-api\3.1.0\jakarta.persistence-api-3.1.0.jar;C:\Users\user\.m2\repository\jakarta\transaction\jakarta.transaction-api\2.0.1\jakarta.transaction-api-2.0.1.jar;C:\Users\user\.m2\repository\org\jboss\logging\jboss-logging\3.5.3.Final\jboss-logging-3.5.3.Final.jar;C:\Users\user\.m2\repository\org\hibernate\common\hibernate-commons-annotations\6.0.6.Final\hibernate-commons-annotations-6.0.6.Final.jar;C:\Users\user\.m2\repository\io\smallrye\jandex\3.1.2\jandex-3.1.2.jar;C:\Users\user\.m2\repository\com\fasterxml\classmate\1.7.0\classmate-1.7.0.jar;C:\Users\user\.m2\repository\net\bytebuddy\byte-buddy\1.14.19\byte-buddy-1.14.19.jar;C:\Users\user\.m2\repository\jakarta\inject\jakarta.inject-api\2.0.1\jakarta.inject-api-2.0.1.jar;C:\Users\user\.m2\repository\org\antlr\antlr4-runtime\4.13.0\antlr4-runtime-4.13.0.jar;C:\Users\user\.m2\repository\org\springframework\data\spring-data-jpa\3.3.5\spring-data-jpa-3.3.5.jar;C:\Users\user\.m2\repository\org\springframework\data\spring-data-commons\3.3.5\spring-data-commons-3.3.5.jar;C:\Users\user\.m2\repository\org\springframework\spring-orm\6.1.14\spring-orm-6.1.14.jar;C:\Users\user\.m2\repository\org\springframework\spring-tx\6.1.14\spring-tx-6.1.14.jar;C:\Users\user\.m2\repository\jakarta\annotation\jakarta.annotation-api\2.1.1\jakarta.annotation-api-2.1.1.jar;C:\Users\user\.m2\repository\org\springframework\spring-aspects\6.1.14\spring-aspects-6.1.14.jar;C:\Users\user\.m2\repository\org\springframework\boot\spring-boot-starter-security\3.3.5\spring-boot-starter-security-3.3.5.jar;C:\Users\user\.m2\repository\org\springframework\boot\spring-boot-starter\3.3.5\spring-boot-starter-3.3.5.jar;C:\Users\user\.m2\repository\org\springframework\boot\spring-boot-starter-logging\3.3.5\spring-boot-starter-logging-3.3.5.jar;C:\Users\user\.m2\repository\ch\qos\logback\logback-classic\1.5.11\logback-classic-1.5.11.jar;C:\Users\user\.m2\repository\ch\qos\logback\logback-core\1.5.11\logback-core-1.5.11.jar;C:\Users\user\.m2\repository\org\apache\logging\log4j\log4j-to-slf4j\2.23.1\log4j-to-slf4j-2.23.1.jar;C:\Users\user\.m2\repository\org\apache\logging\log4j\log4j-api\2.23.1\log4j-api-2.23.1.jar;C:\Users\user\.m2\repository\org\slf4j\jul-to-slf4j\2.0.16\jul-to-slf4j-2.0.16.jar;C:\Users\user\.m2\repository\org\yaml\snakeyaml\2.2\snakeyaml-2.2.jar;C:\Users\user\.m2\repository\org\springframework\spring-aop\6.1.14\spring-aop-6.1.14.jar;C:\Users\user\.m2\repository\org\springframework\security\spring-security-config\6.3.4\spring-security-config-6.3.4.jar;C:\Users\user\.m2\repository\org\springframework\security\spring-security-web\6.3.4\spring-security-web-6.3.4.jar;C:\Users\user\.m2\repository\org\springframework\boot\spring-boot-starter-thymeleaf\3.3.5\spring-boot-starter-thymeleaf-3.3.5.jar;C:\Users\user\.m2\repository\org\thymeleaf\thymeleaf-spring6\3.1.2.RELEASE\thymeleaf-spring6-3.1.2.RELEASE.jar;C:\Users\user\.m2\repository\org\thymeleaf\thymeleaf\3.1.2.RELEASE\thymeleaf-3.1.2.RELEASE.jar;C:\Users\user\.m2\repository\org\attoparser\attoparser\2.0.7.RELEASE\attoparser-2.0.7.RELEASE.jar;C:\Users\user\.m2\repository\org\unbescape\unbescape\1.1.6.RELEASE\unbescape-1.1.6.RELEASE.jar;C:\Users\user\.m2\repository\org\springframework\boot\spring-boot-starter-validation\3.3.5\spring-boot-starter-validation-3.3.5.jar;C:\Users\user\.m2\repository\org\apache\tomcat\embed\tomcat-embed-el\10.1.31\tomcat-embed-el-10.1.31.jar;C:\Users\user\.m2\repository\org\hibernate\validator\hibernate-validator\8.0.1.Final\hibernate-validator-8.0.1.Final.jar;C:\Users\user\.m2\repository\jakarta\validation\jakarta.validation-api\3.0.2\jakarta.validation-api-3.0.2.jar;C:\Users\user\.m2\repository\org\springframework\boot\spring-boot-starter-web\3.3.5\spring-boot-starter-web-3.3.5.jar;C:\Users\user\.m2\repository\org\springframework\boot\spring-boot-starter-json\3.3.5\spring-boot-starter-json-3.3.5.jar;C:\Users\user\.m2\repository\com\fasterxml\jackson\core\jackson-databind\2.17.2\jackson-databind-2.17.2.jar;C:\Users\user\.m2\repository\com\fasterxml\jackson\core\jackson-annotations\2.17.2\jackson-annotations-2.17.2.jar;C:\Users\user\.m2\repository\com\fasterxml\jackson\core\jackson-core\2.17.2\jackson-core-2.17.2.jar;C:\Users\user\.m2\repository\com\fasterxml\jackson\datatype\jackson-datatype-jdk8\2.17.2\jackson-datatype-jdk8-2.17.2.jar;C:\Users\user\.m2\repository\com\fasterxml\jackson\datatype\jackson-datatype-jsr310\2.17.2\jackson-datatype-jsr310-2.17.2.jar;C:\Users\user\.m2\repository\com\fasterxml\jackson\module\jackson-module-parameter-names\2.17.2\jackson-module-parameter-names-2.17.2.jar;C:\Users\user\.m2\repository\org\springframework\boot\spring-boot-starter-tomcat\3.3.5\spring-boot-starter-tomcat-3.3.5.jar;C:\Users\user\.m2\repository\org\apache\tomcat\embed\tomcat-embed-core\10.1.31\tomcat-embed-core-10.1.31.jar;C:\Users\user\.m2\repository\org\apache\tomcat\embed\tomcat-embed-websocket\10.1.31\tomcat-embed-websocket-10.1.31.jar;C:\Users\user\.m2\repository\org\springframework\spring-web\6.1.14\spring-web-6.1.14.jar;C:\Users\user\.m2\repository\org\springframework\spring-webmvc\6.1.14\spring-webmvc-6.1.14.jar;C:\Users\user\.m2\repository\org\thymeleaf\extras\thymeleaf-extras-springsecurity6\3.1.2.RELEASE\thymeleaf-extras-springsecurity6-3.1.2.RELEASE.jar;C:\Users\user\.m2\repository\org\slf4j\slf4j-api\2.0.16\slf4j-api-2.0.16.jar;C:\Users\user\.m2\repository\org\springframework\boot\spring-boot-devtools\3.3.5\spring-boot-devtools-3.3.5.jar;C:\Users\user\.m2\repository\org\springframework\boot\spring-boot\3.3.5\spring-boot-3.3.5.jar;C:\Users\user\.m2\repository\org\springframework\boot\spring-boot-autoconfigure\3.3.5\spring-boot-autoconfigure-3.3.5.jar;C:\Users\user\.m2\repository\com\oracle\database\jdbc\ojdbc11\21.9.0.0\ojdbc11-21.9.0.0.jar;C:\Users\user\.m2\repository\org\projectlombok\lombok\1.18.34\lombok-1.18.34.jar;C:\Users\user\.m2\repository\org\springframework\boot\spring-boot-starter-test\3.3.5\spring-boot-starter-test-3.3.5.jar;C:\Users\user\.m2\repository\org\springframework\boot\spring-boot-test\3.3.5\spring-boot-test-3.3.5.jar;C:\Users\user\.m2\repository\org\springframework\boot\spring-boot-test-autoconfigure\3.3.5\spring-boot-test-autoconfigure-3.3.5.jar;C:\Users\user\.m2\repository\com\jayway\jsonpath\json-path\2.9.0\json-path-2.9.0.jar;C:\Users\user\.m2\repository\jakarta\xml\bind\jakarta.xml.bind-api\4.0.2\jakarta.xml.bind-api-4.0.2.jar;C:\Users\user\.m2\repository\jakarta\activation\jakarta.activation-api\2.1.3\jakarta.activation-api-2.1.3.jar;C:\Users\user\.m2\repository\net\minidev\json-smart\2.5.1\json-smart-2.5.1.jar;C:\Users\user\.m2\repository\net\minidev\accessors-smart\2.5.1\accessors-smart-2.5.1.jar;C:\Users\user\.m2\repository\org\ow2\asm\asm\9.6\asm-9.6.jar;C:\Users\user\.m2\repository\org\assertj\assertj-core\3.25.3\assertj-core-3.25.3.jar;C:\Users\user\.m2\repository\org\awaitility\awaitility\4.2.2\awaitility-4.2.2.jar;C:\Users\user\.m2\repository\org\hamcrest\hamcrest\2.2\hamcrest-2.2.jar;C:\Users\user\.m2\repository\org\junit\jupiter\junit-jupiter\5.10.5\junit-jupiter-5.10.5.jar;C:\Users\user\.m2\repository\org\junit\jupiter\junit-jupiter-api\5.10.5\junit-jupiter-api-5.10.5.jar;C:\Users\user\.m2\repository\org\opentest4j\opentest4j\1.3.0\opentest4j-1.3.0.jar;C:\Users\user\.m2\repository\org\junit\platform\junit-platform-commons\1.10.5\junit-platform-commons-1.10.5.jar;C:\Users\user\.m2\repository\org\apiguardian\apiguardian-api\1.1.2\apiguardian-api-1.1.2.jar;C:\Users\user\.m2\repository\org\junit\jupiter\junit-jupiter-params\5.10.5\junit-jupiter-params-5.10.5.jar;C:\Users\user\.m2\repository\org\junit\jupiter\junit-jupiter-engine\5.10.5\junit-jupiter-engine-5.10.5.jar;C:\Users\user\.m2\repository\org\junit\platform\junit-platform-engine\1.10.5\junit-platform-engine-1.10.5.jar;C:\Users\user\.m2\repository\org\mockito\mockito-core\5.11.0\mockito-core-5.11.0.jar;C:\Users\user\.m2\repository\net\bytebuddy\byte-buddy-agent\1.14.19\byte-buddy-agent-1.14.19.jar;C:\Users\user\.m2\repository\org\mockito\mockito-junit-jupiter\5.11.0\mockito-junit-jupiter-5.11.0.jar;C:\Users\user\.m2\repository\org\skyscreamer\jsonassert\1.5.3\jsonassert-1.5.3.jar;C:\Users\user\.m2\repository\com\vaadin\external\google\android-json\0.0.20131108.vaadin1\android-json-0.0.20131108.vaadin1.jar;C:\Users\user\.m2\repository\org\springframework\spring-core\6.1.14\spring-core-6.1.14.jar;C:\Users\user\.m2\repository\org\springframework\spring-jcl\6.1.14\spring-jcl-6.1.14.jar;C:\Users\user\.m2\repository\org\springframework\spring-test\6.1.14\spring-test-6.1.14.jar;C:\Users\user\.m2\repository\org\xmlunit\xmlunit-core\2.9.1\xmlunit-core-2.9.1.jar;C:\Users\user\.m2\repository\org\springframework\security\spring-security-test\6.3.4\spring-security-test-6.3.4.jar;C:\Users\user\.m2\repository\com\amadeus\amadeus-java\7.1.0\amadeus-java-7.1.0.jar;C:\Users\user\.m2\repository\com\google\code\gson\gson\2.10.1\gson-2.10.1.jar;C:\Users\user\.m2\repository\com\querydsl\querydsl-jpa\5.1.0\querydsl-jpa-5.1.0.jar;C:\Users\user\.m2\repository\com\querydsl\querydsl-core\5.1.0\querydsl-core-5.1.0.jar;C:\Users\user\.m2\repository\com\mysema\commons\mysema-commons-lang\0.2.4\mysema-commons-lang-0.2.4.jar;C:\pleiades\2024-12\workspace\springboot-tomato\target\classes;C:\Users\user\.m2\repository\org\springframework\security\spring-security-core\6.3.4\spring-security-core-6.3.4.jar;C:\Users\user\.m2\repository\org\springframework\security\spring-security-crypto\6.3.4\spring-security-crypto-6.3.4.jar;C:\Users\user\.m2\repository\org\springframework\spring-beans\6.1.14\spring-beans-6.1.14.jar;C:\Users\user\.m2\repository\org\springframework\spring-context\6.1.14\spring-context-6.1.14.jar;C:\Users\user\.m2\repository\org\springframework\spring-expression\6.1.14\spring-expression-6.1.14.jar;C:\Users\user\.m2\repository\io\micrometer\micrometer-observation\1.13.6\micrometer-observation-1.13.6.jar;C:\Users\user\.m2\repository\io\micrometer\micrometer-commons\1.13.6\micrometer-commons-1.13.6.jar;C:\Users\user\.m2\repository\com\github\dozermapper\dozer-core\7.0.0\dozer-core-7.0.0.jar;C:\Users\user\.m2\repository\commons-beanutils\commons-beanutils\1.9.4\commons-beanutils-1.9.4.jar;C:\Users\user\.m2\repository\commons-collections\commons-collections\3.2.2\commons-collections-3.2.2.jar;C:\Users\user\.m2\repository\org\apache\commons\commons-lang3\3.14.0\commons-lang3-3.14.0.jar;C:\Users\user\.m2\repository\commons-io\commons-io\2.15.1\commons-io-2.15.1.jar;C:\Users\user\.m2\repository\org\glassfish\jaxb\jaxb-runtime\4.0.5\jaxb-runtime-4.0.5.jar;C:\Users\user\.m2\repository\org\glassfish\jaxb\jaxb-core\4.0.5\jaxb-core-4.0.5.jar;C:\Users\user\.m2\repository\org\eclipse\angus\angus-activation\2.0.2\angus-activation-2.0.2.jar;C:\Users\user\.m2\repository\org\glassfish\jaxb\txw2\4.0.5\txw2-4.0.5.jar;C:\Users\user\.m2\repository\com\sun\istack\istack-commons-runtime\4.1.2\istack-commons-runtime-4.1.2.jar;C:\Users\user\.m2\repository\org\glassfish\jaxb\jaxb-xjc\4.0.5\jaxb-xjc-4.0.5.jar;C:\Users\user\.m2\repository\org\glassfish\jaxb\xsom\4.0.5\xsom-4.0.5.jar;C:\Users\user\.m2\repository\com\sun\xml\bind\external\relaxng-datatype\4.0.5\relaxng-datatype-4.0.5.jar;C:\Users\user\.m2\repository\org\glassfish\jaxb\codemodel\4.0.5\codemodel-4.0.5.jar;C:\Users\user\.m2\repository\com\sun\xml\bind\external\rngom\4.0.5\rngom-4.0.5.jar;C:\Users\user\.m2\repository\com\sun\xml\dtd-parser\dtd-parser\1.5.1\dtd-parser-1.5.1.jar;C:\Users\user\.m2\repository\com\sun\istack\istack-commons-tools\4.1.2\istack-commons-tools-4.1.2.jar;C:\Users\user\.m2\repository\org\slf4j\jcl-over-slf4j\2.0.16\jcl-over-slf4j-2.0.16.jar;C:\Users\user\.m2\repository\org\objenesis\objenesis\3.3\objenesis-3.3.jar
Launcher Type: SUN_STANDARD

[Global flags]
     intx CICompilerCount                          = 3                                         {product} {ergonomic}
     uint ConcGCThreads                            = 1                                         {product} {ergonomic}
     uint G1ConcRefinementThreads                  = 4                                         {product} {ergonomic}
   size_t G1HeapRegionSize                         = 2097152                                   {product} {ergonomic}
    uintx GCDrainStackTargetSize                   = 64                                        {product} {ergonomic}
   size_t InitialHeapSize                          = 266338304                                 {product} {ergonomic}
     bool ManagementServer                         = true                                      {product} {command line}
   size_t MarkStackSize                            = 4194304                                   {product} {ergonomic}
   size_t MaxHeapSize                              = 4257218560                                {product} {ergonomic}
   size_t MaxNewSize                               = 2554331136                                {product} {ergonomic}
   size_t MinHeapDeltaBytes                        = 2097152                                   {product} {ergonomic}
   size_t MinHeapSize                              = 8388608                                   {product} {ergonomic}
    uintx NonNMethodCodeHeapSize                   = 4096                                   {pd product} {ergonomic}
    uintx NonProfiledCodeHeapSize                  = 0                                      {pd product} {ergonomic}
     bool ProfileInterpreter                       = false                                  {pd product} {command line}
    uintx ProfiledCodeHeapSize                     = 0                                      {pd product} {ergonomic}
     bool ShowCodeDetailsInExceptionMessages       = true                                   {manageable} {command line}
   size_t SoftMaxHeapSize                          = 4257218560                             {manageable} {ergonomic}
     intx TieredStopAtLevel                        = 1                                         {product} {command line}
     bool UseCompressedOops                        = true                           {product lp64_product} {ergonomic}
     bool UseG1GC                                  = true                                      {product} {ergonomic}
     bool UseLargePagesIndividualAllocation        = false                                  {pd product} {ergonomic}

Logging:
Log output configuration:
 #0: stdout all=warning uptime,level,tags foldmultilines=false
 #1: stderr all=off uptime,level,tags foldmultilines=false

Environment Variables:
PATH=C:/pleiades/2024-12/java/21/bin/server;C:/pleiades/2024-12/java/21/bin;C:\app\user\product\21c\dbhomeXE\bin;C:\WINDOWS\system32;C:\WINDOWS;C:\WINDOWS\System32\Wbem;C:\WINDOWS\System32\WindowsPowerShell\v1.0\;C:\WINDOWS\System32\OpenSSH\;C:\Program Files\Git\cmd;C:\Program Files\nodejs\;C:\Program Files\MySQL\MySQL Shell 8.0\bin\;C:\Users\user\AppData\Local\Microsoft\WindowsApps;C:\Users\user\AppData\Local\Programs\Microsoft VS Code\bin;C:\Users\user\AppData\Roaming\npm;C:\pleiades\2024-12\eclipse;
USERNAME=user
OS=Windows_NT
PROCESSOR_IDENTIFIER=Intel64 Family 6 Model 142 Stepping 9, GenuineIntel
TMP=C:\Users\user\AppData\Local\Temp
TEMP=C:\Users\user\AppData\Local\Temp




Periodic native trim disabled

---------------  S Y S T E M  ---------------

OS:
 Windows 11 , 64 bit Build 22621 (10.0.22621.4974)
OS uptime: 6 days 21:50 hours

CPU: total 4 (initial active 4) (2 cores per cpu, 2 threads per core) family 6 model 142 stepping 9 microcode 0xde, cx8, cmov, fxsr, ht, mmx, 3dnowpref, sse, sse2, sse3, ssse3, sse4.1, sse4.2, popcnt, lzcnt, tsc, tscinvbit, avx, avx2, aes, erms, clmul, bmi1, bmi2, adx, fma, vzeroupper, clflush, clflushopt, rdtscp, f16c
Processor Information for all 4 processors :
  Max Mhz: 2904, Current Mhz: 2703, Mhz Limit: 2700

Memory: 4k page, system-wide physical 16239M (5265M free)
TotalPageFile size 19183M (AvailPageFile size 3990M)
current process WorkingSet (physical memory assigned to process): 314M, peak: 317M
current process commit charge ("private bytes"): 349M, peak: 374M

vm_info: OpenJDK 64-Bit Server VM (21.0.5+11-LTS) for windows-amd64 JRE (21.0.5+11-LTS), built on 2024-10-15T00:00:00Z by "admin" with MS VC++ 17.7 (VS2022)

END.
